Using pre-set license
Built from '2021.3/staging' branch; Version is '2021.3.9f1 (ad3870b89536) revision 11352176'; Using compiler version '192829333'; Build Type 'Release'
OS: 'Windows 10  (10.0.19044) 64bit Core' Language: 'es' Physical Memory: 16318 MB
BatchMode: 1, IsHumanControllingUs: 0, StartBugReporterOnCrash: 0, Is64bit: 1, IsPro: 1

COMMAND LINE ARGUMENTS:
C:\Program Files\Unity\Hub\Editor\2021.3.9f1\Editor\Unity.exe
-adb2
-batchMode
-noUpm
-name
AssetImportWorker5
-projectPath
D:/DAM2/MP09/Actividad 2 Unity/Actividad-2-Unity-GN/Actividad 2
-logFile
Logs/AssetImportWorker5.log
-srvPort
53859
Successfully changed project path to: D:/DAM2/MP09/Actividad 2 Unity/Actividad-2-Unity-GN/Actividad 2
D:/DAM2/MP09/Actividad 2 Unity/Actividad-2-Unity-GN/Actividad 2
[UnityMemory] Configuration Parameters - Can be set up in boot.config
    "memorysetup-bucket-allocator-granularity=16"
    "memorysetup-bucket-allocator-bucket-count=8"
    "memorysetup-bucket-allocator-block-size=33554432"
    "memorysetup-bucket-allocator-block-count=8"
    "memorysetup-main-allocator-block-size=16777216"
    "memorysetup-thread-allocator-block-size=16777216"
    "memorysetup-gfx-main-allocator-block-size=16777216"
    "memorysetup-gfx-thread-allocator-block-size=16777216"
    "memorysetup-cache-allocator-block-size=4194304"
    "memorysetup-typetree-allocator-block-size=2097152"
    "memorysetup-profiler-bucket-allocator-granularity=16"
    "memorysetup-profiler-bucket-allocator-bucket-count=8"
    "memorysetup-profiler-bucket-allocator-block-size=33554432"
    "memorysetup-profiler-bucket-allocator-block-count=8"
    "memorysetup-profiler-allocator-block-size=16777216"
    "memorysetup-profiler-editor-allocator-block-size=1048576"
    "memorysetup-temp-allocator-size-main=16777216"
    "memorysetup-job-temp-allocator-block-size=2097152"
    "memorysetup-job-temp-allocator-block-size-background=1048576"
    "memorysetup-job-temp-allocator-reduction-small-platforms=262144"
    "memorysetup-temp-allocator-size-background-worker=32768"
    "memorysetup-temp-allocator-size-job-worker=262144"
    "memorysetup-temp-allocator-size-preload-manager=33554432"
    "memorysetup-temp-allocator-size-nav-mesh-worker=65536"
    "memorysetup-temp-allocator-size-audio-worker=65536"
    "memorysetup-temp-allocator-size-cloud-worker=32768"
    "memorysetup-temp-allocator-size-gi-baking-worker=262144"
    "memorysetup-temp-allocator-size-gfx=262144"
Refreshing native plugins compatible for Editor in 70.65 ms, found 3 plugins.
Preloading 0 native plugins for Editor in 0.00 ms.
Initialize engine version: 2021.3.9f1 (ad3870b89536)
[Subsystems] Discovering subsystems at path C:/Program Files/Unity/Hub/Editor/2021.3.9f1/Editor/Data/Resources/UnitySubsystems
[Subsystems] Discovering subsystems at path D:/DAM2/MP09/Actividad 2 Unity/Actividad-2-Unity-GN/Actividad 2/Assets
GfxDevice: creating device client; threaded=0; jobified=0
Direct3D:
    Version:  Direct3D 11.0 [level 11.1]
    Renderer: NVIDIA GeForce RTX 2060 (ID=0x1f08)
    Vendor:   NVIDIA
    VRAM:     5980 MB
    Driver:   31.0.15.1748
Initialize mono
Mono path[0] = 'C:/Program Files/Unity/Hub/Editor/2021.3.9f1/Editor/Data/Managed'
Mono path[1] = 'C:/Program Files/Unity/Hub/Editor/2021.3.9f1/Editor/Data/MonoBleedingEdge/lib/mono/unityjit-win32'
Mono config path = 'C:/Program Files/Unity/Hub/Editor/2021.3.9f1/Editor/Data/MonoBleedingEdge/etc'
Using monoOptions --debugger-agent=transport=dt_socket,embedding=1,server=y,suspend=n,address=127.0.0.1:56560
Begin MonoManager ReloadAssembly
Registering precompiled unity dll's ...
Register platform support module: C:/Program Files/Unity/Hub/Editor/2021.3.9f1/Editor/Data/PlaybackEngines/WebGLSupport/UnityEditor.WebGL.Extensions.dll
Register platform support module: C:/Program Files/Unity/Hub/Editor/2021.3.9f1/Editor/Data/PlaybackEngines/WindowsStandaloneSupport/UnityEditor.WindowsStandalone.Extensions.dll
Registered in 0.007335 seconds.
Native extension for WindowsStandalone target not found
Native extension for WebGL target not found
Refreshing native plugins compatible for Editor in 70.28 ms, found 3 plugins.
Preloading 0 native plugins for Editor in 0.00 ms.
Mono: successfully reloaded assembly
- Completed reload, in  0.552 seconds
Domain Reload Profiling:
	ReloadAssembly (553ms)
		BeginReloadAssembly (67ms)
			ExecutionOrderSort (0ms)
			DisableScriptedObjects (0ms)
			BackupInstance (0ms)
			ReleaseScriptingObjects (0ms)
			CreateAndSetChildDomain (1ms)
		EndReloadAssembly (388ms)
			LoadAssemblies (65ms)
			RebuildTransferFunctionScriptingTraits (0ms)
			SetupTypeCache (88ms)
			ReleaseScriptCaches (0ms)
			RebuildScriptCaches (23ms)
			SetupLoadedEditorAssemblies (235ms)
				LogAssemblyErrors (0ms)
				InitializePlatformSupportModulesInManaged (8ms)
				SetLoadedEditorAssemblies (0ms)
				RefreshPlugins (70ms)
				BeforeProcessingInitializeOnLoad (1ms)
				ProcessInitializeOnLoadAttributes (118ms)
				ProcessInitializeOnLoadMethodAttributes (37ms)
				AfterProcessingInitializeOnLoad (0ms)
				EditorAssembliesLoaded (0ms)
			ExecutionOrderSort2 (0ms)
			AwakeInstancesAfterBackupRestoration (0ms)
Platform modules already initialized, skipping
Registering precompiled user dll's ...
Registered in 0.003937 seconds.
Begin MonoManager ReloadAssembly
Symbol file LoadedFromMemory doesn't match image D:\DAM2\MP09\Actividad 2 Unity\Actividad-2-Unity-GN\Actividad 2\Library\PackageCache\com.unity.visualscripting@1.7.8\Editor\VisualScripting.Core\Dependencies\YamlDotNet\Unity.VisualScripting.YamlDotNet.dll
Symbol file LoadedFromMemory doesn't match image D:\DAM2\MP09\Actividad 2 Unity\Actividad-2-Unity-GN\Actividad 2\Library\PackageCache\com.unity.visualscripting@1.7.8\Editor\VisualScripting.Core\Dependencies\DotNetZip\Unity.VisualScripting.IonicZip.dll
Native extension for WindowsStandalone target not found
Native extension for WebGL target not found
Refreshing native plugins compatible for Editor in 0.92 ms, found 3 plugins.
Preloading 0 native plugins for Editor in 0.00 ms.
Mono: successfully reloaded assembly
- Completed reload, in  0.894 seconds
Domain Reload Profiling:
	ReloadAssembly (895ms)
		BeginReloadAssembly (94ms)
			ExecutionOrderSort (0ms)
			DisableScriptedObjects (5ms)
			BackupInstance (0ms)
			ReleaseScriptingObjects (0ms)
			CreateAndSetChildDomain (15ms)
		EndReloadAssembly (684ms)
			LoadAssemblies (67ms)
			RebuildTransferFunctionScriptingTraits (0ms)
			SetupTypeCache (229ms)
			ReleaseScriptCaches (1ms)
			RebuildScriptCaches (42ms)
			SetupLoadedEditorAssemblies (312ms)
				LogAssemblyErrors (0ms)
				InitializePlatformSupportModulesInManaged (8ms)
				SetLoadedEditorAssemblies (1ms)
				RefreshPlugins (1ms)
				BeforeProcessingInitializeOnLoad (75ms)
				ProcessInitializeOnLoadAttributes (197ms)
				ProcessInitializeOnLoadMethodAttributes (24ms)
				AfterProcessingInitializeOnLoad (7ms)
				EditorAssembliesLoaded (0ms)
			ExecutionOrderSort2 (0ms)
			AwakeInstancesAfterBackupRestoration (5ms)
Platform modules already initialized, skipping
========================================================================
Worker process is ready to serve import requests
Launched and connected shader compiler UnityShaderCompiler.exe after 0.04 seconds
Refreshing native plugins compatible for Editor in 0.64 ms, found 3 plugins.
Preloading 0 native plugins for Editor in 0.00 ms.
Unloading 3380 Unused Serialized files (Serialized files now loaded: 0)
Unloading 27 unused Assets / (111.3 KB). Loaded Objects now: 3837.
Memory consumption went from 118.5 MB to 118.4 MB.
Total: 2.916300 ms (FindLiveObjects: 0.243100 ms CreateObjectMapping: 0.186200 ms MarkObjects: 2.397100 ms  DeleteObjects: 0.089100 ms)

AssetImportParameters requested are different than current active one (requested -> active):
  custom:video-decoder-ogg-theora: a1e56fd34408186e4bbccfd4996cb3dc -> 
  custom:container-muxer-webm: aa71ff27fc2769a1b78a27578f13a17b -> 
  custom:container-demuxer-webm: 4f35f7cbe854078d1ac9338744f61a02 -> 
  custom:video-encoder-webm-vp8: eb34c28f22e8b96e1ab97ce403110664 -> 
  custom:audio-encoder-webm-vorbis: bf7c407c2cedff20999df2af8eb42d56 -> 
  custom:framework-win-MediaFoundation: 216162199b28c13a410421893ffa2e32 -> 
  custom:container-demuxer-ogg: 62fdf1f143b41e24485cea50d1cbac27 -> 
  custom:video-decoder-webm-vp8: 9c59270c3fd7afecdb556c50c9e8de78 -> 
  custom:audio-decoder-ogg-vorbis: bf7c407c2cedff20999df2af8eb42d56 -> 
========================================================================
Received Import Request.
  Time since last request: 7813.899455 seconds.
  path: Assets/Tiny_Toony_City_Demo/PolygonBlacksmith/TT_Citizens_demo/models/TT_demo_police.FBX
  artifactKey: Guid(d5480912f7a1d7a4294a1ce13a774f7d) Importer(815301076,1909f56bfc062723c751e8b465ee728b)
Start importing Assets/Tiny_Toony_City_Demo/PolygonBlacksmith/TT_Citizens_demo/models/TT_demo_police.FBX using Guid(d5480912f7a1d7a4294a1ce13a774f7d) Importer(815301076,1909f56bfc062723c751e8b465ee728b)  -> (artifact id: 'c32e99a663e9f8fd4488ace31c7d374c') in 0.239210 seconds 
========================================================================
Received Import Request.
  Time since last request: 2.813051 seconds.
  path: Assets/Tiny_Toony_City_Demo/PolygonBlacksmith/TT_Citizens_demo/prefabs/TT_demo_police.prefab
  artifactKey: Guid(db3c50e77180ff3498c94dbf7de00bcc) Importer(815301076,1909f56bfc062723c751e8b465ee728b)
Start importing Assets/Tiny_Toony_City_Demo/PolygonBlacksmith/TT_Citizens_demo/prefabs/TT_demo_police.prefab using Guid(db3c50e77180ff3498c94dbf7de00bcc) Importer(815301076,1909f56bfc062723c751e8b465ee728b)  -> (artifact id: '7409c3a22f3b3a8bd3d70078685f60a7') in 0.011093 seconds 
========================================================================
Received Import Request.
  Time since last request: 586.331666 seconds.
  path: Assets/POLYGON city pack/Materials/Night.mat
  artifactKey: Guid(2693a75b9cc71fb4bae0674a2e512e59) Importer(815301076,1909f56bfc062723c751e8b465ee728b)
Start importing Assets/POLYGON city pack/Materials/Night.mat using Guid(2693a75b9cc71fb4bae0674a2e512e59) Importer(815301076,1909f56bfc062723c751e8b465ee728b)  -> (artifact id: '76121d5d8e7fcd8fd1d7d9b2fa55116b') in 0.094454 seconds 
========================================================================
Received Import Request.
  Time since last request: 1.707961 seconds.
  path: Assets/POLYGON city pack/Materials/Material_meshs/air conditioner wall.mat
  artifactKey: Guid(cb6d4b2eccab7624ea771ecdd72639d5) Importer(815301076,1909f56bfc062723c751e8b465ee728b)
Start importing Assets/POLYGON city pack/Materials/Material_meshs/air conditioner wall.mat using Guid(cb6d4b2eccab7624ea771ecdd72639d5) Importer(815301076,1909f56bfc062723c751e8b465ee728b)  -> (artifact id: 'a99c8fb02de2a6ca97c4aa07181b1b7c') in 0.014378 seconds 
========================================================================
Received Import Request.
  Time since last request: 0.000020 seconds.
  path: Assets/POLYGON city pack/Materials/Material_meshs/Bench 2.mat
  artifactKey: Guid(3c61eab8b04b7b84d89327b21cc91c6e) Importer(815301076,1909f56bfc062723c751e8b465ee728b)
Start importing Assets/POLYGON city pack/Materials/Material_meshs/Bench 2.mat using Guid(3c61eab8b04b7b84d89327b21cc91c6e) Importer(815301076,1909f56bfc062723c751e8b465ee728b)  -> (artifact id: '9d98aa2626f1643b6f987b58216401db') in 0.010007 seconds 
========================================================================
Received Import Request.
  Time since last request: 0.000016 seconds.
  path: Assets/POLYGON city pack/Materials/Material_meshs/flower 3.mat
  artifactKey: Guid(793439ce806aaf44aa48d7e88579e4c4) Importer(815301076,1909f56bfc062723c751e8b465ee728b)
Start importing Assets/POLYGON city pack/Materials/Material_meshs/flower 3.mat using Guid(793439ce806aaf44aa48d7e88579e4c4) Importer(815301076,1909f56bfc062723c751e8b465ee728b)  -> (artifact id: '3e5f9ef70db71d731f1050d0c07338fa') in 0.014652 seconds 
========================================================================
Received Import Request.
  Time since last request: 0.000023 seconds.
  path: Assets/POLYGON city pack/Materials/Material_meshs/Can_cola 2.mat
  artifactKey: Guid(d5a2bbfdd4ed7474c8d4ba5e2568029b) Importer(815301076,1909f56bfc062723c751e8b465ee728b)
Start importing Assets/POLYGON city pack/Materials/Material_meshs/Can_cola 2.mat using Guid(d5a2bbfdd4ed7474c8d4ba5e2568029b) Importer(815301076,1909f56bfc062723c751e8b465ee728b)  -> (artifact id: 'f169a47f4bedb168cc93f2e2b50b9c9e') in 0.010235 seconds 
========================================================================
Received Import Request.
  Time since last request: 0.000015 seconds.
  path: Assets/POLYGON city pack/Materials/Material_meshs/Sideway.mat
  artifactKey: Guid(ade4d9b3b14d5b045884be40b327deb1) Importer(815301076,1909f56bfc062723c751e8b465ee728b)
Start importing Assets/POLYGON city pack/Materials/Material_meshs/Sideway.mat using Guid(ade4d9b3b14d5b045884be40b327deb1) Importer(815301076,1909f56bfc062723c751e8b465ee728b)  -> (artifact id: '7af799ec53991907554c137d4425d918') in 0.009084 seconds 
========================================================================
Received Import Request.
  Time since last request: 0.000012 seconds.
  path: Assets/POLYGON city pack/Materials/Material_meshs/Sideway 2x2m.mat
  artifactKey: Guid(bbfc60a43ae74ad458ee80e12798a23a) Importer(815301076,1909f56bfc062723c751e8b465ee728b)
Start importing Assets/POLYGON city pack/Materials/Material_meshs/Sideway 2x2m.mat using Guid(bbfc60a43ae74ad458ee80e12798a23a) Importer(815301076,1909f56bfc062723c751e8b465ee728b)  -> (artifact id: '24860968b45972973e597b9908b56b10') in 0.009385 seconds 
========================================================================
Received Import Request.
  Time since last request: 0.000019 seconds.
  path: Assets/POLYGON city pack/Materials/Material_meshs/phone botth.mat
  artifactKey: Guid(910d545f9ccbd0445bfb10c95945ac9e) Importer(815301076,1909f56bfc062723c751e8b465ee728b)
Start importing Assets/POLYGON city pack/Materials/Material_meshs/phone botth.mat using Guid(910d545f9ccbd0445bfb10c95945ac9e) Importer(815301076,1909f56bfc062723c751e8b465ee728b)  -> (artifact id: '255fd82fcc220df608a91d2ae9f5efdf') in 0.011357 seconds 
========================================================================
Received Import Request.
  Time since last request: 0.000022 seconds.
  path: Assets/POLYGON city pack/Materials/Material_meshs/Burger.mat
  artifactKey: Guid(33a67e35c77a3cf40a53db27268cc44e) Importer(815301076,1909f56bfc062723c751e8b465ee728b)
Start importing Assets/POLYGON city pack/Materials/Material_meshs/Burger.mat using Guid(33a67e35c77a3cf40a53db27268cc44e) Importer(815301076,1909f56bfc062723c751e8b465ee728b)  -> (artifact id: '534f2cc29086fafe3f0b811fa5ef0028') in 0.010971 seconds 
========================================================================
Received Import Request.
  Time since last request: 0.000016 seconds.
  path: Assets/POLYGON city pack/Materials/Material_meshs/Bus stop texture.mat
  artifactKey: Guid(225547f2cacb8b54f8cd053f8da32e1a) Importer(815301076,1909f56bfc062723c751e8b465ee728b)
Start importing Assets/POLYGON city pack/Materials/Material_meshs/Bus stop texture.mat using Guid(225547f2cacb8b54f8cd053f8da32e1a) Importer(815301076,1909f56bfc062723c751e8b465ee728b)  -> (artifact id: 'b18926f6132294c3eed1f8b6f0adffb4') in 0.008863 seconds 
========================================================================
Received Import Request.
  Time since last request: 0.000016 seconds.
  path: Assets/POLYGON city pack/Materials/Material_meshs/Fence_B_2.mat
  artifactKey: Guid(829d8f03a87c1894e9faa0df4c536a08) Importer(815301076,1909f56bfc062723c751e8b465ee728b)
Start importing Assets/POLYGON city pack/Materials/Material_meshs/Fence_B_2.mat using Guid(829d8f03a87c1894e9faa0df4c536a08) Importer(815301076,1909f56bfc062723c751e8b465ee728b)  -> (artifact id: '4c5f4cfa3edbcc15fe0e8981d33adbdc') in 0.020563 seconds 
========================================================================
Received Import Request.
  Time since last request: 0.000017 seconds.
  path: Assets/POLYGON city pack/Materials/Material_meshs/Sign_ traffic raod.mat
  artifactKey: Guid(1bf9a498b08aac042ac9add9b9a635cd) Importer(815301076,1909f56bfc062723c751e8b465ee728b)
Start importing Assets/POLYGON city pack/Materials/Material_meshs/Sign_ traffic raod.mat using Guid(1bf9a498b08aac042ac9add9b9a635cd) Importer(815301076,1909f56bfc062723c751e8b465ee728b)  -> (artifact id: '3247de05f75dd6374f986dd92d93efff') in 0.008836 seconds 
========================================================================
Received Import Request.
  Time since last request: 0.000017 seconds.
  path: Assets/POLYGON city pack/Materials/Material_meshs/street 1.mat
  artifactKey: Guid(8c68b30c228ba1e478ff2433f4f83ba0) Importer(815301076,1909f56bfc062723c751e8b465ee728b)
Start importing Assets/POLYGON city pack/Materials/Material_meshs/street 1.mat using Guid(8c68b30c228ba1e478ff2433f4f83ba0) Importer(815301076,1909f56bfc062723c751e8b465ee728b)  -> (artifact id: '70c135b36e0fb82aa2f486caf6ab6a46') in 0.008749 seconds 
========================================================================
Received Import Request.
  Time since last request: 0.000020 seconds.
  path: Assets/POLYGON city pack/Materials/Material_meshs/parking meter.mat
  artifactKey: Guid(a2d7929290d968846afe406302bf3fa6) Importer(815301076,1909f56bfc062723c751e8b465ee728b)
Start importing Assets/POLYGON city pack/Materials/Material_meshs/parking meter.mat using Guid(a2d7929290d968846afe406302bf3fa6) Importer(815301076,1909f56bfc062723c751e8b465ee728b)  -> (artifact id: '4a0458ef57834af2a586d1459b8118a9') in 0.008943 seconds 
========================================================================
Received Import Request.
  Time since last request: 0.000013 seconds.
  path: Assets/POLYGON city pack/Materials/Material_meshs/Bus stop pole.mat
  artifactKey: Guid(dda55e9719313344faf5a78abe85264f) Importer(815301076,1909f56bfc062723c751e8b465ee728b)
Start importing Assets/POLYGON city pack/Materials/Material_meshs/Bus stop pole.mat using Guid(dda55e9719313344faf5a78abe85264f) Importer(815301076,1909f56bfc062723c751e8b465ee728b)  -> (artifact id: 'cf25ae317be7adb5ed05d21397176cdd') in 0.009528 seconds 
========================================================================
Received Import Request.
  Time since last request: 0.000017 seconds.
  path: Assets/POLYGON city pack/Materials/Material_meshs/drain 2.mat
  artifactKey: Guid(311404c53bb42f84eaafe2623aa70a16) Importer(815301076,1909f56bfc062723c751e8b465ee728b)
Start importing Assets/POLYGON city pack/Materials/Material_meshs/drain 2.mat using Guid(311404c53bb42f84eaafe2623aa70a16) Importer(815301076,1909f56bfc062723c751e8b465ee728b)  -> (artifact id: 'ee255e68b5055504ac79e1e6434850be') in 0.012141 seconds 
========================================================================
Received Import Request.
  Time since last request: 0.000015 seconds.
  path: Assets/POLYGON city pack/Materials/Material_meshs/dirt walkWay.mat
  artifactKey: Guid(a6eaccbb2fcd42a44ae956659d71890a) Importer(815301076,1909f56bfc062723c751e8b465ee728b)
Start importing Assets/POLYGON city pack/Materials/Material_meshs/dirt walkWay.mat using Guid(a6eaccbb2fcd42a44ae956659d71890a) Importer(815301076,1909f56bfc062723c751e8b465ee728b)  -> (artifact id: 'ae4451e69b01ae0701ab18d679042468') in 0.009428 seconds 
========================================================================
Received Import Request.
  Time since last request: 0.000016 seconds.
  path: Assets/POLYGON city pack/Materials/Material_meshs/Dynamic_power_pole_cable.mat
  artifactKey: Guid(b4d33c7475d01404aa68494ec4c9f00b) Importer(815301076,1909f56bfc062723c751e8b465ee728b)
Start importing Assets/POLYGON city pack/Materials/Material_meshs/Dynamic_power_pole_cable.mat using Guid(b4d33c7475d01404aa68494ec4c9f00b) Importer(815301076,1909f56bfc062723c751e8b465ee728b)  -> (artifact id: '078c96aa7ece59a52394cc5b91a072d1') in 0.008467 seconds 
========================================================================
Received Import Request.
  Time since last request: 0.000015 seconds.
  path: Assets/POLYGON city pack/Materials/Material_meshs/Glass.mat
  artifactKey: Guid(28048d114c6803248a3c46e2207e3b69) Importer(815301076,1909f56bfc062723c751e8b465ee728b)
Start importing Assets/POLYGON city pack/Materials/Material_meshs/Glass.mat using Guid(28048d114c6803248a3c46e2207e3b69) Importer(815301076,1909f56bfc062723c751e8b465ee728b)  -> (artifact id: '58155fb488c289833966cd2681fd3a77') in 0.021994 seconds 
========================================================================
Received Import Request.
  Time since last request: 0.000015 seconds.
  path: Assets/POLYGON city pack/Materials/Material_meshs/Sign_stop.mat
  artifactKey: Guid(1b7ac0ad5309d3c4e9738cd5ee1977d4) Importer(815301076,1909f56bfc062723c751e8b465ee728b)
Start importing Assets/POLYGON city pack/Materials/Material_meshs/Sign_stop.mat using Guid(1b7ac0ad5309d3c4e9738cd5ee1977d4) Importer(815301076,1909f56bfc062723c751e8b465ee728b)  -> (artifact id: '37a18efcdbfab86e69475bf84c5eadd5') in 0.009390 seconds 
========================================================================
Received Import Request.
  Time since last request: 0.000016 seconds.
  path: Assets/POLYGON city pack/Materials/Material_meshs/grass walkWay.mat
  artifactKey: Guid(89fe3a699dd66bb47a36a1874a4430f5) Importer(815301076,1909f56bfc062723c751e8b465ee728b)
Start importing Assets/POLYGON city pack/Materials/Material_meshs/grass walkWay.mat using Guid(89fe3a699dd66bb47a36a1874a4430f5) Importer(815301076,1909f56bfc062723c751e8b465ee728b)  -> (artifact id: '628c280de1b346ab32432d90646ba00e') in 0.009126 seconds 
========================================================================
Received Import Request.
  Time since last request: 0.000019 seconds.
  path: Assets/POLYGON city pack/Materials/Material_meshs/plant 1.mat
  artifactKey: Guid(47b23d2d38e75d647bb4c68fcc720550) Importer(815301076,1909f56bfc062723c751e8b465ee728b)
Start importing Assets/POLYGON city pack/Materials/Material_meshs/plant 1.mat using Guid(47b23d2d38e75d647bb4c68fcc720550) Importer(815301076,1909f56bfc062723c751e8b465ee728b)  -> (artifact id: '3ea391f0a9a19301875cacbd6631a562') in 0.010294 seconds 
========================================================================
Received Import Request.
  Time since last request: 0.000017 seconds.
  path: Assets/POLYGON city pack/Materials/Material_meshs/flower 1 A 6.mat
  artifactKey: Guid(7b2d534e6ffebce4a9c64d348150f99b) Importer(815301076,1909f56bfc062723c751e8b465ee728b)
Start importing Assets/POLYGON city pack/Materials/Material_meshs/flower 1 A 6.mat using Guid(7b2d534e6ffebce4a9c64d348150f99b) Importer(815301076,1909f56bfc062723c751e8b465ee728b)  -> (artifact id: 'd4dba9f72623f1f8748ee47db885ca9d') in 0.009513 seconds 
========================================================================
Received Import Request.
  Time since last request: 0.000015 seconds.
  path: Assets/POLYGON city pack/Materials/Material_meshs/gas pump.mat
  artifactKey: Guid(1f3aed826d0deb142ae61d35be7f4ff8) Importer(815301076,1909f56bfc062723c751e8b465ee728b)
Start importing Assets/POLYGON city pack/Materials/Material_meshs/gas pump.mat using Guid(1f3aed826d0deb142ae61d35be7f4ff8) Importer(815301076,1909f56bfc062723c751e8b465ee728b)  -> (artifact id: '71407874b4b55d0f1e2bdf0dbb1626ba') in 0.011144 seconds 
========================================================================
Received Import Request.
  Time since last request: 0.000012 seconds.
  path: Assets/POLYGON city pack/Materials/Material_meshs/police.mat
  artifactKey: Guid(a199066e22e12114f948d0d042dee7c5) Importer(815301076,1909f56bfc062723c751e8b465ee728b)
Start importing Assets/POLYGON city pack/Materials/Material_meshs/police.mat using Guid(a199066e22e12114f948d0d042dee7c5) Importer(815301076,1909f56bfc062723c751e8b465ee728b)  -> (artifact id: '37a39add17497cc53dd7eb334bd9c9ef') in 0.010434 seconds 
========================================================================
Received Import Request.
  Time since last request: 0.000015 seconds.
  path: Assets/POLYGON city pack/Materials/Material_meshs/BurgerSho_Sign.mat
  artifactKey: Guid(b3e3e670762d9c941b09bd6e7a5789f4) Importer(815301076,1909f56bfc062723c751e8b465ee728b)
Start importing Assets/POLYGON city pack/Materials/Material_meshs/BurgerSho_Sign.mat using Guid(b3e3e670762d9c941b09bd6e7a5789f4) Importer(815301076,1909f56bfc062723c751e8b465ee728b)  -> (artifact id: 'b2cd5e681de8c6b75e7ebbe8db241640') in 0.008735 seconds 
========================================================================
Received Import Request.
  Time since last request: 0.000014 seconds.
  path: Assets/POLYGON city pack/Materials/Material_meshs/Sign_speed_ 25.mat
  artifactKey: Guid(022538b5b0bd7134b9c3c564669efd06) Importer(815301076,1909f56bfc062723c751e8b465ee728b)
Start importing Assets/POLYGON city pack/Materials/Material_meshs/Sign_speed_ 25.mat using Guid(022538b5b0bd7134b9c3c564669efd06) Importer(815301076,1909f56bfc062723c751e8b465ee728b)  -> (artifact id: '55e0863da2c11e3b7ef083b3488d98b6') in 0.009254 seconds 
========================================================================
Received Import Request.
  Time since last request: 0.000015 seconds.
  path: Assets/POLYGON city pack/Materials/Material_meshs/hedge.mat
  artifactKey: Guid(00481b12d8fb567408d3f4f4f7dcb2e8) Importer(815301076,1909f56bfc062723c751e8b465ee728b)
Start importing Assets/POLYGON city pack/Materials/Material_meshs/hedge.mat using Guid(00481b12d8fb567408d3f4f4f7dcb2e8) Importer(815301076,1909f56bfc062723c751e8b465ee728b)  -> (artifact id: 'd1fcc58201c89f287643a81a267d52f5') in 0.009229 seconds 
========================================================================
Received Import Request.
  Time since last request: 0.000013 seconds.
  path: Assets/POLYGON city pack/Materials/Material_meshs/ATM.mat
  artifactKey: Guid(bebb1324c06709a45a60fa4db2eb003b) Importer(815301076,1909f56bfc062723c751e8b465ee728b)
Start importing Assets/POLYGON city pack/Materials/Material_meshs/ATM.mat using Guid(bebb1324c06709a45a60fa4db2eb003b) Importer(815301076,1909f56bfc062723c751e8b465ee728b)  -> (artifact id: '969561fecad3dd4b388978a14314f12d') in 0.008932 seconds 
========================================================================
Received Import Request.
  Time since last request: 0.000013 seconds.
  path: Assets/POLYGON city pack/Materials/Material_meshs/flower 1 A 7.mat
  artifactKey: Guid(fb2bb9e1b7d05ad46b93caf71c65d8b9) Importer(815301076,1909f56bfc062723c751e8b465ee728b)
Start importing Assets/POLYGON city pack/Materials/Material_meshs/flower 1 A 7.mat using Guid(fb2bb9e1b7d05ad46b93caf71c65d8b9) Importer(815301076,1909f56bfc062723c751e8b465ee728b)  -> (artifact id: '61ab1eba91e8158b5152ef8dc1e39a07') in 0.008216 seconds 
========================================================================
Received Import Request.
  Time since last request: 0.000017 seconds.
  path: Assets/POLYGON city pack/Materials/Material_meshs/Hydrant.mat
  artifactKey: Guid(84656e979de647d48a1dffd409494192) Importer(815301076,1909f56bfc062723c751e8b465ee728b)
Start importing Assets/POLYGON city pack/Materials/Material_meshs/Hydrant.mat using Guid(84656e979de647d48a1dffd409494192) Importer(815301076,1909f56bfc062723c751e8b465ee728b)  -> (artifact id: '4217f309db8645479cbd4a7dd7d155da') in 0.010445 seconds 
========================================================================
Received Import Request.
  Time since last request: 0.000016 seconds.
  path: Assets/POLYGON city pack/Materials/Material_meshs/Sign_traffic 3.mat
  artifactKey: Guid(6de6fe3ba14a14848a5014692825ee59) Importer(815301076,1909f56bfc062723c751e8b465ee728b)
Start importing Assets/POLYGON city pack/Materials/Material_meshs/Sign_traffic 3.mat using Guid(6de6fe3ba14a14848a5014692825ee59) Importer(815301076,1909f56bfc062723c751e8b465ee728b)  -> (artifact id: 'b537669f6a15905a2a7732be4ad13a34') in 0.010301 seconds 
========================================================================
Received Import Request.
  Time since last request: 0.000023 seconds.
  path: Assets/POLYGON city pack/Materials/Material_meshs/can_orange.mat
  artifactKey: Guid(afc9047e46e56694d945fae27db27d9d) Importer(815301076,1909f56bfc062723c751e8b465ee728b)
Start importing Assets/POLYGON city pack/Materials/Material_meshs/can_orange.mat using Guid(afc9047e46e56694d945fae27db27d9d) Importer(815301076,1909f56bfc062723c751e8b465ee728b)  -> (artifact id: '7440f48a2b9ab5d1ed96976a7abad0c3') in 0.009809 seconds 
========================================================================
Received Import Request.
  Time since last request: 0.000015 seconds.
  path: Assets/POLYGON city pack/Materials/Material_meshs/flower 1 A 5.mat
  artifactKey: Guid(fe3efba54325ee4418eca1f7bdc1b3d2) Importer(815301076,1909f56bfc062723c751e8b465ee728b)
Start importing Assets/POLYGON city pack/Materials/Material_meshs/flower 1 A 5.mat using Guid(fe3efba54325ee4418eca1f7bdc1b3d2) Importer(815301076,1909f56bfc062723c751e8b465ee728b)  -> (artifact id: '21981d01653d7bb2bce5fecb4f52e0fc') in 0.010542 seconds 
========================================================================
Received Import Request.
  Time since last request: 0.000016 seconds.
  path: Assets/POLYGON city pack/Materials/Material_meshs/shopping cart.mat
  artifactKey: Guid(6f9e936f7882193458b7205f066d95dc) Importer(815301076,1909f56bfc062723c751e8b465ee728b)
Start importing Assets/POLYGON city pack/Materials/Material_meshs/shopping cart.mat using Guid(6f9e936f7882193458b7205f066d95dc) Importer(815301076,1909f56bfc062723c751e8b465ee728b)  -> (artifact id: '6a77955060609a40f66e10e8c9d3349b') in 0.009183 seconds 
========================================================================
Received Import Request.
  Time since last request: 0.000013 seconds.
  path: Assets/POLYGON city pack/Materials/Material_meshs/Shop_c.mat
  artifactKey: Guid(b7addb38a7c13a440a9c13d2d501f19d) Importer(815301076,1909f56bfc062723c751e8b465ee728b)
Start importing Assets/POLYGON city pack/Materials/Material_meshs/Shop_c.mat using Guid(b7addb38a7c13a440a9c13d2d501f19d) Importer(815301076,1909f56bfc062723c751e8b465ee728b)  -> (artifact id: 'a361308d0b64dfc69798c9ccd3523373') in 0.009943 seconds 
========================================================================
Received Import Request.
  Time since last request: 0.000017 seconds.
  path: Assets/POLYGON city pack/Materials/Material_meshs/Bush 2.mat
  artifactKey: Guid(2246b9d119e72a540b54840c32733fbb) Importer(815301076,1909f56bfc062723c751e8b465ee728b)
Start importing Assets/POLYGON city pack/Materials/Material_meshs/Bush 2.mat using Guid(2246b9d119e72a540b54840c32733fbb) Importer(815301076,1909f56bfc062723c751e8b465ee728b)  -> (artifact id: '50595b6f6f596504950d3cd567558875') in 0.009333 seconds 
========================================================================
Received Import Request.
  Time since last request: 0.000023 seconds.
  path: Assets/POLYGON city pack/Materials/Material_meshs/can_lemon.mat
  artifactKey: Guid(360f43e7e5fa9a744af7932cd721572b) Importer(815301076,1909f56bfc062723c751e8b465ee728b)
Start importing Assets/POLYGON city pack/Materials/Material_meshs/can_lemon.mat using Guid(360f43e7e5fa9a744af7932cd721572b) Importer(815301076,1909f56bfc062723c751e8b465ee728b)  -> (artifact id: '85c2893a618adaf51b738545b8c14b7a') in 0.009302 seconds 
========================================================================
Received Import Request.
  Time since last request: 0.000014 seconds.
  path: Assets/POLYGON city pack/Materials/Material_meshs/flower 1 A 1.mat
  artifactKey: Guid(da16c8876ed8cdc4c8ab238d3c0bc186) Importer(815301076,1909f56bfc062723c751e8b465ee728b)
Start importing Assets/POLYGON city pack/Materials/Material_meshs/flower 1 A 1.mat using Guid(da16c8876ed8cdc4c8ab238d3c0bc186) Importer(815301076,1909f56bfc062723c751e8b465ee728b)  -> (artifact id: '5d7f2d2c95a79ee82f2b87b056a7638f') in 0.009957 seconds 
========================================================================
Received Import Request.
  Time since last request: 0.000017 seconds.
  path: Assets/POLYGON city pack/Materials/Material_meshs/Sign_speed_ 70.mat
  artifactKey: Guid(d22294ef304578243b15ec1189c98625) Importer(815301076,1909f56bfc062723c751e8b465ee728b)
Start importing Assets/POLYGON city pack/Materials/Material_meshs/Sign_speed_ 70.mat using Guid(d22294ef304578243b15ec1189c98625) Importer(815301076,1909f56bfc062723c751e8b465ee728b)  -> (artifact id: 'a113fc2f13b513f4e93f371aa729125b') in 0.010132 seconds 
========================================================================
Received Import Request.
  Time since last request: 4.390052 seconds.
  path: Assets/POLYGON city pack/Materials/Colors_buildings/A2.mat
  artifactKey: Guid(5188c7492ef51d143a7128aa9700788a) Importer(815301076,1909f56bfc062723c751e8b465ee728b)
Start importing Assets/POLYGON city pack/Materials/Colors_buildings/A2.mat using Guid(5188c7492ef51d143a7128aa9700788a) Importer(815301076,1909f56bfc062723c751e8b465ee728b)  -> (artifact id: '87c8cd5fb9a7e655f0bbb8b7de44e418') in 0.009274 seconds 
========================================================================
Received Import Request.
  Time since last request: 0.000021 seconds.
  path: Assets/POLYGON city pack/Materials/Colors_buildings/C2.mat
  artifactKey: Guid(0510da7b3809d94478e8a6a4f562366e) Importer(815301076,1909f56bfc062723c751e8b465ee728b)
Start importing Assets/POLYGON city pack/Materials/Colors_buildings/C2.mat using Guid(0510da7b3809d94478e8a6a4f562366e) Importer(815301076,1909f56bfc062723c751e8b465ee728b)  -> (artifact id: '6803a91800610d906b67e0f8e29a5339') in 0.013773 seconds 
========================================================================
Received Import Request.
  Time since last request: 0.000014 seconds.
  path: Assets/POLYGON city pack/Materials/Colors_buildings/E3.mat
  artifactKey: Guid(4e806bb1fdee85a44aca49978bc274e7) Importer(815301076,1909f56bfc062723c751e8b465ee728b)
Start importing Assets/POLYGON city pack/Materials/Colors_buildings/E3.mat using Guid(4e806bb1fdee85a44aca49978bc274e7) Importer(815301076,1909f56bfc062723c751e8b465ee728b)  -> (artifact id: 'b66ef40751324b0e547d1eab1425a8ea') in 0.009253 seconds 
========================================================================
Received Import Request.
  Time since last request: 0.000027 seconds.
  path: Assets/POLYGON city pack/Materials/Colors_buildings/H2.mat
  artifactKey: Guid(6f227c8592ad80a41be32efd278da65a) Importer(815301076,1909f56bfc062723c751e8b465ee728b)
Start importing Assets/POLYGON city pack/Materials/Colors_buildings/H2.mat using Guid(6f227c8592ad80a41be32efd278da65a) Importer(815301076,1909f56bfc062723c751e8b465ee728b)  -> (artifact id: '5cd80d5a0b3aed67f9c050f975190d2d') in 0.012102 seconds 
========================================================================
Received Import Request.
  Time since last request: 0.000016 seconds.
  path: Assets/POLYGON city pack/Materials/Colors_buildings/k12.mat
  artifactKey: Guid(8d50894cec04b584c99d0e15c717bf2e) Importer(815301076,1909f56bfc062723c751e8b465ee728b)
Start importing Assets/POLYGON city pack/Materials/Colors_buildings/k12.mat using Guid(8d50894cec04b584c99d0e15c717bf2e) Importer(815301076,1909f56bfc062723c751e8b465ee728b)  -> (artifact id: '3505e651d3715ff6e1a977d2d6b493df') in 0.009411 seconds 
========================================================================
Received Import Request.
  Time since last request: 0.000020 seconds.
  path: Assets/POLYGON city pack/Materials/Colors_buildings/C1.mat
  artifactKey: Guid(b46491bf8bcc7974e9c5b185ed3a64df) Importer(815301076,1909f56bfc062723c751e8b465ee728b)
Start importing Assets/POLYGON city pack/Materials/Colors_buildings/C1.mat using Guid(b46491bf8bcc7974e9c5b185ed3a64df) Importer(815301076,1909f56bfc062723c751e8b465ee728b)  -> (artifact id: 'c3bc02b31d67977e2a313db0acc4cb87') in 0.010889 seconds 
========================================================================
Received Import Request.
  Time since last request: 0.000030 seconds.
  path: Assets/POLYGON city pack/Materials/Colors_buildings/D3.mat
  artifactKey: Guid(08e170aeffe61fd49b962982cf27cd52) Importer(815301076,1909f56bfc062723c751e8b465ee728b)
Start importing Assets/POLYGON city pack/Materials/Colors_buildings/D3.mat using Guid(08e170aeffe61fd49b962982cf27cd52) Importer(815301076,1909f56bfc062723c751e8b465ee728b)  -> (artifact id: '718bdbdf01442fffdb8abdf445c58497') in 0.010407 seconds 
========================================================================
Received Import Request.
  Time since last request: 0.000022 seconds.
  path: Assets/POLYGON city pack/Materials/Colors_buildings/K13.mat
  artifactKey: Guid(385015333524c4947bf237c08e46d007) Importer(815301076,1909f56bfc062723c751e8b465ee728b)
Start importing Assets/POLYGON city pack/Materials/Colors_buildings/K13.mat using Guid(385015333524c4947bf237c08e46d007) Importer(815301076,1909f56bfc062723c751e8b465ee728b)  -> (artifact id: 'e51cffbb9090c924919d64cf2390f3a2') in 0.009388 seconds 
========================================================================
Received Import Request.
  Time since last request: 0.000021 seconds.
  path: Assets/POLYGON city pack/Materials/Colors_buildings/B1.mat
  artifactKey: Guid(b1aa805cd8c03914ea529c0d11595111) Importer(815301076,1909f56bfc062723c751e8b465ee728b)
Start importing Assets/POLYGON city pack/Materials/Colors_buildings/B1.mat using Guid(b1aa805cd8c03914ea529c0d11595111) Importer(815301076,1909f56bfc062723c751e8b465ee728b)  -> (artifact id: '6c2ccc130cc64b656ebd71a33fa3c39f') in 0.010376 seconds 
========================================================================
Received Import Request.
  Time since last request: 0.000018 seconds.
  path: Assets/POLYGON city pack/Materials/Colors_buildings/C3.mat
  artifactKey: Guid(91155d9f14bc7c24885accb7c3b9025f) Importer(815301076,1909f56bfc062723c751e8b465ee728b)
Start importing Assets/POLYGON city pack/Materials/Colors_buildings/C3.mat using Guid(91155d9f14bc7c24885accb7c3b9025f) Importer(815301076,1909f56bfc062723c751e8b465ee728b)  -> (artifact id: '348f8c4c98d107f1ae90715e5099526c') in 0.009719 seconds 
========================================================================
Received Import Request.
  Time since last request: 0.000017 seconds.
  path: Assets/POLYGON city pack/Materials/Colors_buildings/K1.mat
  artifactKey: Guid(1a0dec1fa084e1b4abd7c6cf33e568ff) Importer(815301076,1909f56bfc062723c751e8b465ee728b)
Start importing Assets/POLYGON city pack/Materials/Colors_buildings/K1.mat using Guid(1a0dec1fa084e1b4abd7c6cf33e568ff) Importer(815301076,1909f56bfc062723c751e8b465ee728b)  -> (artifact id: 'cfce11cb51ec3cf4f94bafcc414c9918') in 0.009418 seconds 
========================================================================
Received Import Request.
  Time since last request: 0.000020 seconds.
  path: Assets/POLYGON city pack/Materials/Colors_buildings/K10.mat
  artifactKey: Guid(bdcbb625d2db6d344907f63d3439281d) Importer(815301076,1909f56bfc062723c751e8b465ee728b)
Start importing Assets/POLYGON city pack/Materials/Colors_buildings/K10.mat using Guid(bdcbb625d2db6d344907f63d3439281d) Importer(815301076,1909f56bfc062723c751e8b465ee728b)  -> (artifact id: 'c17dd0c80945971b2c8ce051ff8744d5') in 0.011567 seconds 
========================================================================
Received Import Request.
  Time since last request: 0.000024 seconds.
  path: Assets/POLYGON city pack/Materials/Colors_buildings/K9.mat
  artifactKey: Guid(8d368d2c617522b4f8385162f26cacfa) Importer(815301076,1909f56bfc062723c751e8b465ee728b)
Start importing Assets/POLYGON city pack/Materials/Colors_buildings/K9.mat using Guid(8d368d2c617522b4f8385162f26cacfa) Importer(815301076,1909f56bfc062723c751e8b465ee728b)  -> (artifact id: '7124e3f0f55281964fa2b5d8d995f442') in 0.011496 seconds 
========================================================================
Received Import Request.
  Time since last request: 0.000021 seconds.
  path: Assets/POLYGON city pack/Materials/Colors_buildings/J3.mat
  artifactKey: Guid(5fd1fed63457bc14abea612957703653) Importer(815301076,1909f56bfc062723c751e8b465ee728b)
Start importing Assets/POLYGON city pack/Materials/Colors_buildings/J3.mat using Guid(5fd1fed63457bc14abea612957703653) Importer(815301076,1909f56bfc062723c751e8b465ee728b)  -> (artifact id: '705c1acf72a03356d1c3c80c700a2a48') in 0.010862 seconds 
========================================================================
Received Import Request.
  Time since last request: 0.000015 seconds.
  path: Assets/POLYGON city pack/Materials/Colors_buildings/K3.mat
  artifactKey: Guid(623f2cfcc0ce09149a6f467ad4256295) Importer(815301076,1909f56bfc062723c751e8b465ee728b)
Start importing Assets/POLYGON city pack/Materials/Colors_buildings/K3.mat using Guid(623f2cfcc0ce09149a6f467ad4256295) Importer(815301076,1909f56bfc062723c751e8b465ee728b)  -> (artifact id: '980cc8a712170e6fc7d08acd2e2f6e8a') in 0.010080 seconds 
========================================================================
Received Import Request.
  Time since last request: 1.009200 seconds.
  path: Assets/POLYGON city pack/Materials/color_windows/Windows no light.mat
  artifactKey: Guid(26df91506bf83b343b8083c5322323ae) Importer(815301076,1909f56bfc062723c751e8b465ee728b)
Start importing Assets/POLYGON city pack/Materials/color_windows/Windows no light.mat using Guid(26df91506bf83b343b8083c5322323ae) Importer(815301076,1909f56bfc062723c751e8b465ee728b)  -> (artifact id: '00fde66a1bf70cb8a15e164af86ba0cd') in 0.009555 seconds 
========================================================================
Received Import Request.
  Time since last request: 136.966662 seconds.
  path: Assets/Tiny_Toony_City_Demo/Meshes/Demo_Asphalt.fbx
  artifactKey: Guid(bdd8b59fd28ade14d951aeeb4c9644d0) Importer(815301076,1909f56bfc062723c751e8b465ee728b)
Start importing Assets/Tiny_Toony_City_Demo/Meshes/Demo_Asphalt.fbx using Guid(bdd8b59fd28ade14d951aeeb4c9644d0) Importer(815301076,1909f56bfc062723c751e8b465ee728b)  -> (artifact id: '66b9f8f2637e9b7ccf69e195a0016783') in 0.021383 seconds 
========================================================================
Received Import Request.
  Time since last request: 0.000018 seconds.
  path: Assets/Tiny_Toony_City_Demo/Meshes/Demo_Crossing.fbx
  artifactKey: Guid(f98d0f97a920741499853e1e86a88ced) Importer(815301076,1909f56bfc062723c751e8b465ee728b)
Start importing Assets/Tiny_Toony_City_Demo/Meshes/Demo_Crossing.fbx using Guid(f98d0f97a920741499853e1e86a88ced) Importer(815301076,1909f56bfc062723c751e8b465ee728b)  -> (artifact id: 'd6eda56ed113da5d0682262ac513768d') in 0.013821 seconds 
========================================================================
Received Import Request.
  Time since last request: 0.000018 seconds.
  path: Assets/Tiny_Toony_City_Demo/Meshes/Demo_Block.fbx
  artifactKey: Guid(3c7d5dece75cf9845ad850601668e7d8) Importer(815301076,1909f56bfc062723c751e8b465ee728b)
Start importing Assets/Tiny_Toony_City_Demo/Meshes/Demo_Block.fbx using Guid(3c7d5dece75cf9845ad850601668e7d8) Importer(815301076,1909f56bfc062723c751e8b465ee728b)  -> (artifact id: 'ca55def014291957124e9fa9283e4bf6') in 0.113613 seconds 
========================================================================
Received Import Request.
  Time since last request: 467.687051 seconds.
  path: Assets/POLYGON city pack/Materials/traffic light/Green.mat
  artifactKey: Guid(749169b54d08d824e828e6b055ae52d9) Importer(815301076,1909f56bfc062723c751e8b465ee728b)
Start importing Assets/POLYGON city pack/Materials/traffic light/Green.mat using Guid(749169b54d08d824e828e6b055ae52d9) Importer(815301076,1909f56bfc062723c751e8b465ee728b)  -> (artifact id: 'aac525f745f82f46cd9b514891c0ce96') in 0.011961 seconds 
========================================================================
Received Import Request.
  Time since last request: 0.000019 seconds.
  path: Assets/POLYGON city pack/Materials/traffic light/Yellow light.mat
  artifactKey: Guid(2495a7e75efcd184eba75fee16e04d42) Importer(815301076,1909f56bfc062723c751e8b465ee728b)
Start importing Assets/POLYGON city pack/Materials/traffic light/Yellow light.mat using Guid(2495a7e75efcd184eba75fee16e04d42) Importer(815301076,1909f56bfc062723c751e8b465ee728b)  -> (artifact id: '1f073e4ff16b4f8fc8e5409c50575267') in 0.009217 seconds 
========================================================================
Received Import Request.
  Time since last request: 0.000018 seconds.
  path: Assets/POLYGON city pack/Materials/traffic light/Red.mat
  artifactKey: Guid(0414ceb8a1b2e2545b10709a55723d88) Importer(815301076,1909f56bfc062723c751e8b465ee728b)
Start importing Assets/POLYGON city pack/Materials/traffic light/Red.mat using Guid(0414ceb8a1b2e2545b10709a55723d88) Importer(815301076,1909f56bfc062723c751e8b465ee728b)  -> (artifact id: '940cce47504436ace8f0e840dfe8c3eb') in 0.008826 seconds 
Editor requested this worker to shutdown with reason: Scaling down because of idle timeout
AssetImportWorker is now disconnected from the server
Process exiting
Exiting without the bug reporter. Application will terminate with return code 0