Using pre-set license
Built from '2021.3/staging' branch; Version is '2021.3.5f1 (40eb3a945986) revision 4254522'; Using compiler version '192829333'; Build Type 'Release'
OS: 'Windows 10  (10.0.19044) 64bit Core' Language: 'es' Physical Memory: 16318 MB
BatchMode: 1, IsHumanControllingUs: 0, StartBugReporterOnCrash: 0, Is64bit: 1, IsPro: 1

COMMAND LINE ARGUMENTS:
C:\Program Files\Unity\Hub\Editor\2021.3.5f1\Editor\Unity.exe
-adb2
-batchMode
-noUpm
-name
AssetImportWorker1
-projectPath
D:/DAM2/MP09/Actividad 2 Unity/Actividad-2-Unity-GN/Actividad 2
-logFile
Logs/AssetImportWorker1.log
-srvPort
49809
Successfully changed project path to: D:/DAM2/MP09/Actividad 2 Unity/Actividad-2-Unity-GN/Actividad 2
D:/DAM2/MP09/Actividad 2 Unity/Actividad-2-Unity-GN/Actividad 2
[UnityMemory] Configuration Parameters - Can be set up in boot.config
    "memorysetup-bucket-allocator-granularity=16"
    "memorysetup-bucket-allocator-bucket-count=8"
    "memorysetup-bucket-allocator-block-size=33554432"
    "memorysetup-bucket-allocator-block-count=8"
    "memorysetup-main-allocator-block-size=16777216"
    "memorysetup-thread-allocator-block-size=16777216"
    "memorysetup-gfx-main-allocator-block-size=16777216"
    "memorysetup-gfx-thread-allocator-block-size=16777216"
    "memorysetup-cache-allocator-block-size=4194304"
    "memorysetup-typetree-allocator-block-size=2097152"
    "memorysetup-profiler-bucket-allocator-granularity=16"
    "memorysetup-profiler-bucket-allocator-bucket-count=8"
    "memorysetup-profiler-bucket-allocator-block-size=33554432"
    "memorysetup-profiler-bucket-allocator-block-count=8"
    "memorysetup-profiler-allocator-block-size=16777216"
    "memorysetup-profiler-editor-allocator-block-size=1048576"
    "memorysetup-temp-allocator-size-main=16777216"
    "memorysetup-job-temp-allocator-block-size=2097152"
    "memorysetup-job-temp-allocator-block-size-background=1048576"
    "memorysetup-job-temp-allocator-reduction-small-platforms=262144"
    "memorysetup-temp-allocator-size-background-worker=32768"
    "memorysetup-temp-allocator-size-job-worker=262144"
    "memorysetup-temp-allocator-size-preload-manager=33554432"
    "memorysetup-temp-allocator-size-nav-mesh-worker=65536"
    "memorysetup-temp-allocator-size-audio-worker=65536"
    "memorysetup-temp-allocator-size-cloud-worker=32768"
    "memorysetup-temp-allocator-size-gi-baking-worker=262144"
    "memorysetup-temp-allocator-size-gfx=262144"
Refreshing native plugins compatible for Editor in 72.41 ms, found 3 plugins.
Preloading 0 native plugins for Editor in 0.00 ms.
Initialize engine version: 2021.3.5f1 (40eb3a945986)
[Subsystems] Discovering subsystems at path C:/Program Files/Unity/Hub/Editor/2021.3.5f1/Editor/Data/Resources/UnitySubsystems
[Subsystems] Discovering subsystems at path D:/DAM2/MP09/Actividad 2 Unity/Actividad-2-Unity-GN/Actividad 2/Assets
GfxDevice: creating device client; threaded=0; jobified=0
Direct3D:
    Version:  Direct3D 11.0 [level 11.1]
    Renderer: NVIDIA GeForce RTX 2060 (ID=0x1f08)
    Vendor:   NVIDIA
    VRAM:     5980 MB
    Driver:   31.0.15.1748
Initialize mono
Mono path[0] = 'C:/Program Files/Unity/Hub/Editor/2021.3.5f1/Editor/Data/Managed'
Mono path[1] = 'C:/Program Files/Unity/Hub/Editor/2021.3.5f1/Editor/Data/MonoBleedingEdge/lib/mono/unityjit-win32'
Mono config path = 'C:/Program Files/Unity/Hub/Editor/2021.3.5f1/Editor/Data/MonoBleedingEdge/etc'
Using monoOptions --debugger-agent=transport=dt_socket,embedding=1,server=y,suspend=n,address=127.0.0.1:56368
Begin MonoManager ReloadAssembly
Registering precompiled unity dll's ...
Register platform support module: C:/Program Files/Unity/Hub/Editor/2021.3.5f1/Editor/Data/PlaybackEngines/WindowsStandaloneSupport/UnityEditor.WindowsStandalone.Extensions.dll
Registered in 0.006953 seconds.
Native extension for WindowsStandalone target not found
Refreshing native plugins compatible for Editor in 73.87 ms, found 3 plugins.
Preloading 0 native plugins for Editor in 0.00 ms.
Mono: successfully reloaded assembly
- Completed reload, in  0.588 seconds
Domain Reload Profiling:
	ReloadAssembly (589ms)
		BeginReloadAssembly (67ms)
			ExecutionOrderSort (0ms)
			DisableScriptedObjects (0ms)
			BackupInstance (0ms)
			ReleaseScriptingObjects (0ms)
			CreateAndSetChildDomain (1ms)
		EndReloadAssembly (422ms)
			LoadAssemblies (65ms)
			RebuildTransferFunctionScriptingTraits (0ms)
			SetupTypeCache (103ms)
			ReleaseScriptCaches (0ms)
			RebuildScriptCaches (24ms)
			SetupLoadedEditorAssemblies (248ms)
				LogAssemblyErrors (0ms)
				InitializePlatformSupportModulesInManaged (7ms)
				SetLoadedEditorAssemblies (0ms)
				RefreshPlugins (74ms)
				BeforeProcessingInitializeOnLoad (1ms)
				ProcessInitializeOnLoadAttributes (126ms)
				ProcessInitializeOnLoadMethodAttributes (41ms)
				AfterProcessingInitializeOnLoad (0ms)
				EditorAssembliesLoaded (0ms)
			ExecutionOrderSort2 (0ms)
			AwakeInstancesAfterBackupRestoration (0ms)
Platform modules already initialized, skipping
Registering precompiled user dll's ...
Registered in 0.005421 seconds.
Begin MonoManager ReloadAssembly
Symbol file LoadedFromMemory doesn't match image D:\DAM2\MP09\Actividad 2 Unity\Actividad-2-Unity-GN\Actividad 2\Library\PackageCache\com.unity.visualscripting@1.7.8\Editor\VisualScripting.Core\Dependencies\YamlDotNet\Unity.VisualScripting.YamlDotNet.dll
Symbol file LoadedFromMemory doesn't match image D:\DAM2\MP09\Actividad 2 Unity\Actividad-2-Unity-GN\Actividad 2\Library\PackageCache\com.unity.visualscripting@1.7.8\Editor\VisualScripting.Core\Dependencies\DotNetZip\Unity.VisualScripting.IonicZip.dll
Native extension for WindowsStandalone target not found
Refreshing native plugins compatible for Editor in 0.46 ms, found 3 plugins.
Preloading 0 native plugins for Editor in 0.00 ms.
Mono: successfully reloaded assembly
- Completed reload, in  0.944 seconds
Domain Reload Profiling:
	ReloadAssembly (945ms)
		BeginReloadAssembly (110ms)
			ExecutionOrderSort (0ms)
			DisableScriptedObjects (6ms)
			BackupInstance (0ms)
			ReleaseScriptingObjects (0ms)
			CreateAndSetChildDomain (16ms)
		EndReloadAssembly (730ms)
			LoadAssemblies (80ms)
			RebuildTransferFunctionScriptingTraits (0ms)
			SetupTypeCache (253ms)
			ReleaseScriptCaches (0ms)
			RebuildScriptCaches (42ms)
			SetupLoadedEditorAssemblies (327ms)
				LogAssemblyErrors (0ms)
				InitializePlatformSupportModulesInManaged (5ms)
				SetLoadedEditorAssemblies (0ms)
				RefreshPlugins (1ms)
				BeforeProcessingInitializeOnLoad (78ms)
				ProcessInitializeOnLoadAttributes (211ms)
				ProcessInitializeOnLoadMethodAttributes (24ms)
				AfterProcessingInitializeOnLoad (8ms)
				EditorAssembliesLoaded (0ms)
			ExecutionOrderSort2 (0ms)
			AwakeInstancesAfterBackupRestoration (5ms)
Platform modules already initialized, skipping
========================================================================
Worker process is ready to serve import requests
Launched and connected shader compiler UnityShaderCompiler.exe after 0.05 seconds
Refreshing native plugins compatible for Editor in 0.51 ms, found 3 plugins.
Preloading 0 native plugins for Editor in 0.00 ms.
Unloading 3383 Unused Serialized files (Serialized files now loaded: 0)
Unloading 27 unused Assets / (111.0 KB). Loaded Objects now: 3842.
Memory consumption went from 116.7 MB to 116.6 MB.
Total: 4.033200 ms (FindLiveObjects: 0.274500 ms CreateObjectMapping: 0.222400 ms MarkObjects: 3.433300 ms  DeleteObjects: 0.101600 ms)

AssetImportParameters requested are different than current active one (requested -> active):
  custom:video-decoder-ogg-theora: a1e56fd34408186e4bbccfd4996cb3dc -> 
  custom:container-muxer-webm: aa71ff27fc2769a1b78a27578f13a17b -> 
  custom:container-demuxer-webm: 4f35f7cbe854078d1ac9338744f61a02 -> 
  custom:video-encoder-webm-vp8: eb34c28f22e8b96e1ab97ce403110664 -> 
  custom:audio-encoder-webm-vorbis: bf7c407c2cedff20999df2af8eb42d56 -> 
  custom:framework-win-MediaFoundation: 216162199b28c13a410421893ffa2e32 -> 
  custom:container-demuxer-ogg: 62fdf1f143b41e24485cea50d1cbac27 -> 
  custom:video-decoder-webm-vp8: 9c59270c3fd7afecdb556c50c9e8de78 -> 
  custom:audio-decoder-ogg-vorbis: bf7c407c2cedff20999df2af8eb42d56 -> 
========================================================================
Received Import Request.
  Time since last request: 263435.144168 seconds.
  path: Assets/PolygonStarter/Models/SM_Generic_TreeDead_01.fbx
  artifactKey: Guid(996ce56108cedf54681396d4595224f5) Importer(2089858483,0ecaa5967403d082aa24f35e1b516d23)
Start importing Assets/PolygonStarter/Models/SM_Generic_TreeDead_01.fbx using Guid(996ce56108cedf54681396d4595224f5) Importer(2089858483,0ecaa5967403d082aa24f35e1b516d23) Generated GUIDs only implemented for interfaces!
 -> (artifact id: 'd7faa3c9c26baafff761ba7fe8013485') in 0.198524 seconds 
========================================================================
Received Import Request.
  Time since last request: 0.000019 seconds.
  path: Assets/PolygonStarter/Models/SM_PolygonPrototype_Primitive_Cone_01P.fbx
  artifactKey: Guid(8d1a2ae25a118b4489e87176fcf3bbf9) Importer(2089858483,0ecaa5967403d082aa24f35e1b516d23)
Start importing Assets/PolygonStarter/Models/SM_PolygonPrototype_Primitive_Cone_01P.fbx using Guid(8d1a2ae25a118b4489e87176fcf3bbf9) Importer(2089858483,0ecaa5967403d082aa24f35e1b516d23) Generated GUIDs only implemented for interfaces!
 -> (artifact id: 'b44430b6ee390cf3a0f16f3ad1398ef1') in 0.047022 seconds 
========================================================================
Received Import Request.
  Time since last request: 0.000022 seconds.
  path: Assets/LowPolyFarmLite/LowPolyFarmLite_LWRP.unitypackage
  artifactKey: Guid(c540ef8e9c5426546b94fe5ebcdf87b9) Importer(2089858483,0ecaa5967403d082aa24f35e1b516d23)
Start importing Assets/LowPolyFarmLite/LowPolyFarmLite_LWRP.unitypackage using Guid(c540ef8e9c5426546b94fe5ebcdf87b9) Importer(2089858483,0ecaa5967403d082aa24f35e1b516d23) Generated GUIDs only implemented for interfaces!
 -> (artifact id: 'a8897fde287de3f5934ead03ae3a173e') in 0.027259 seconds 
========================================================================
Received Import Request.
  Time since last request: 0.000017 seconds.
  path: Assets/PolygonStarter/Materials/PolygonStarter_Mat_02.mat
  artifactKey: Guid(2d9674097da42b2448220c5e2805bb27) Importer(2089858483,0ecaa5967403d082aa24f35e1b516d23)
Start importing Assets/PolygonStarter/Materials/PolygonStarter_Mat_02.mat using Guid(2d9674097da42b2448220c5e2805bb27) Importer(2089858483,0ecaa5967403d082aa24f35e1b516d23) Generated GUIDs only implemented for interfaces!
 -> (artifact id: 'fd2b97079f4dbb8fe786234781b5a093') in 0.096658 seconds 
========================================================================
Received Import Request.
  Time since last request: 0.000014 seconds.
  path: Assets/PolygonStarter/Materials/PolygonStarter_Mat_04.mat
  artifactKey: Guid(382781f3eb846ba4992cfb4e635c76ed) Importer(2089858483,0ecaa5967403d082aa24f35e1b516d23)
Start importing Assets/PolygonStarter/Materials/PolygonStarter_Mat_04.mat using Guid(382781f3eb846ba4992cfb4e635c76ed) Importer(2089858483,0ecaa5967403d082aa24f35e1b516d23) Generated GUIDs only implemented for interfaces!
 -> (artifact id: '989d4ab2987eb1683f9f5a72bd323203') in 0.041682 seconds 
========================================================================
Received Import Request.
  Time since last request: 0.000014 seconds.
  path: Assets/PolygonStarter/Models/SM_Bld_Door_01.fbx
  artifactKey: Guid(09581238a7eee2a448621efbc36abb72) Importer(2089858483,0ecaa5967403d082aa24f35e1b516d23)
Start importing Assets/PolygonStarter/Models/SM_Bld_Door_01.fbx using Guid(09581238a7eee2a448621efbc36abb72) Importer(2089858483,0ecaa5967403d082aa24f35e1b516d23) Generated GUIDs only implemented for interfaces!
 -> (artifact id: '30478cf09ad1edf91ca238233982925d') in 0.033002 seconds 
========================================================================
Received Import Request.
  Time since last request: 0.000022 seconds.
  path: Assets/PolygonStarter/Models/SM_PolygonPrototype_Buildings_Column_2x3_01P.fbx
  artifactKey: Guid(0d85decc1128f9c408b485218f4131e3) Importer(2089858483,0ecaa5967403d082aa24f35e1b516d23)
Start importing Assets/PolygonStarter/Models/SM_PolygonPrototype_Buildings_Column_2x3_01P.fbx using Guid(0d85decc1128f9c408b485218f4131e3) Importer(2089858483,0ecaa5967403d082aa24f35e1b516d23) Generated GUIDs only implemented for interfaces!
 -> (artifact id: '0e6c452f6e8d23387bd7127d5d2c2383') in 0.029405 seconds 
========================================================================
Received Import Request.
  Time since last request: 0.000018 seconds.
  path: Assets/CubePeopleDemo/Textures/Item_Item00.png
  artifactKey: Guid(c9c4de1ace111674f907ac1bd99f26ce) Importer(2089858483,0ecaa5967403d082aa24f35e1b516d23)
Start importing Assets/CubePeopleDemo/Textures/Item_Item00.png using Guid(c9c4de1ace111674f907ac1bd99f26ce) Importer(2089858483,0ecaa5967403d082aa24f35e1b516d23) Generated GUIDs only implemented for interfaces!
 -> (artifact id: 'c9030e4999c4badb56e241e7a20e4f3b') in 0.229790 seconds 
========================================================================
Received Import Request.
  Time since last request: 0.000015 seconds.
  path: Assets/PolygonStarter/Prefabs/SM_Generic_Small_Rocks_02.prefab
  artifactKey: Guid(a76742b3f592d834ca1e03ad08301998) Importer(2089858483,0ecaa5967403d082aa24f35e1b516d23)
Start importing Assets/PolygonStarter/Prefabs/SM_Generic_Small_Rocks_02.prefab using Guid(a76742b3f592d834ca1e03ad08301998) Importer(2089858483,0ecaa5967403d082aa24f35e1b516d23) Generated GUIDs only implemented for interfaces!
 -> (artifact id: '9b75ecb3298678d2044544d55a628686') in 0.049690 seconds 
========================================================================
Received Import Request.
  Time since last request: 0.000019 seconds.
  path: Assets/PolygonStarter/Prefabs/SM_Generic_Ground_Flat_01.prefab
  artifactKey: Guid(e484c7ad7b1274b4c847940d3eb54d14) Importer(2089858483,0ecaa5967403d082aa24f35e1b516d23)
Start importing Assets/PolygonStarter/Prefabs/SM_Generic_Ground_Flat_01.prefab using Guid(e484c7ad7b1274b4c847940d3eb54d14) Importer(2089858483,0ecaa5967403d082aa24f35e1b516d23) Generated GUIDs only implemented for interfaces!
 -> (artifact id: 'a8055d79a03d02a55c3631e57801d894') in 0.082697 seconds 
========================================================================
Received Import Request.
  Time since last request: 0.000016 seconds.
  path: Assets/PolygonStarter/Models/SM_PolygonPrototype_Prop_Crate_03.fbx
  artifactKey: Guid(8dca5595cdaced544b3bca78ca84e8d8) Importer(2089858483,0ecaa5967403d082aa24f35e1b516d23)
Start importing Assets/PolygonStarter/Models/SM_PolygonPrototype_Prop_Crate_03.fbx using Guid(8dca5595cdaced544b3bca78ca84e8d8) Importer(2089858483,0ecaa5967403d082aa24f35e1b516d23) Generated GUIDs only implemented for interfaces!
 -> (artifact id: '0d4a86f653186a3dd411d39ec95f92ea') in 0.042320 seconds 
========================================================================
Received Import Request.
  Time since last request: 0.000014 seconds.
  path: Assets/PolygonStarter/Models/SM_SimpleSky_Dome_01.fbx
  artifactKey: Guid(e9ca908cdd3e3f54a8fd61457b2a8c60) Importer(2089858483,0ecaa5967403d082aa24f35e1b516d23)
Start importing Assets/PolygonStarter/Models/SM_SimpleSky_Dome_01.fbx using Guid(e9ca908cdd3e3f54a8fd61457b2a8c60) Importer(2089858483,0ecaa5967403d082aa24f35e1b516d23) Generated GUIDs only implemented for interfaces!
 -> (artifact id: '33103acccab4846198e8bbbd829ec675') in 0.034328 seconds 
========================================================================
Received Import Request.
  Time since last request: 0.000013 seconds.
  path: Assets/PolygonStarter/Prefabs/SM_Generic_Ground_02.prefab
  artifactKey: Guid(2bd56128040193346a96ac4ec4bfa455) Importer(2089858483,0ecaa5967403d082aa24f35e1b516d23)
Start importing Assets/PolygonStarter/Prefabs/SM_Generic_Ground_02.prefab using Guid(2bd56128040193346a96ac4ec4bfa455) Importer(2089858483,0ecaa5967403d082aa24f35e1b516d23) Generated GUIDs only implemented for interfaces!
 -> (artifact id: 'a68f6d4826b4b81a5d50a905e30f8691') in 0.042297 seconds 
========================================================================
Received Import Request.
  Time since last request: 0.000019 seconds.
  path: Assets/PolygonStarter/Models/SM_PolygonPrototype_Buildings_Stairs_1x1_01P.fbx
  artifactKey: Guid(863c2e4bd290d4344bfa0c76e862a0cf) Importer(2089858483,0ecaa5967403d082aa24f35e1b516d23)
Start importing Assets/PolygonStarter/Models/SM_PolygonPrototype_Buildings_Stairs_1x1_01P.fbx using Guid(863c2e4bd290d4344bfa0c76e862a0cf) Importer(2089858483,0ecaa5967403d082aa24f35e1b516d23) Generated GUIDs only implemented for interfaces!
 -> (artifact id: '47d8945a3443cfc2e919fc537bf37aec') in 0.035224 seconds 
========================================================================
Received Import Request.
  Time since last request: 0.000018 seconds.
  path: Assets/CubePeopleDemo/Meshes/Item_Rifle00.FBX
  artifactKey: Guid(20125154a4c051646bbda6f9957f2f9c) Importer(2089858483,0ecaa5967403d082aa24f35e1b516d23)
Start importing Assets/CubePeopleDemo/Meshes/Item_Rifle00.FBX using Guid(20125154a4c051646bbda6f9957f2f9c) Importer(2089858483,0ecaa5967403d082aa24f35e1b516d23) Generated GUIDs only implemented for interfaces!
 -> (artifact id: '9f5af7e2067fd374af5668ab4ac1f33a') in 0.015602 seconds 
========================================================================
Received Import Request.
  Time since last request: 0.000016 seconds.
  path: Assets/PolygonStarter/Models/SM_PolygonPrototype_Prop_Target_03.fbx
  artifactKey: Guid(8332f017cfb13984196e491ffb1aaf3f) Importer(2089858483,0ecaa5967403d082aa24f35e1b516d23)
Start importing Assets/PolygonStarter/Models/SM_PolygonPrototype_Prop_Target_03.fbx using Guid(8332f017cfb13984196e491ffb1aaf3f) Importer(2089858483,0ecaa5967403d082aa24f35e1b516d23) Generated GUIDs only implemented for interfaces!
 -> (artifact id: '18a67de2f1b04522e8ce3d829e832577') in 0.035886 seconds 
========================================================================
Received Import Request.
  Time since last request: 0.000013 seconds.
  path: Assets/PolygonStarter/Models/SM_Generic_Tree_02.fbx
  artifactKey: Guid(52e489a7682e53e4fbbd56a5eab52da6) Importer(2089858483,0ecaa5967403d082aa24f35e1b516d23)
Start importing Assets/PolygonStarter/Models/SM_Generic_Tree_02.fbx using Guid(52e489a7682e53e4fbbd56a5eab52da6) Importer(2089858483,0ecaa5967403d082aa24f35e1b516d23) Generated GUIDs only implemented for interfaces!
 -> (artifact id: 'fa7c4f06210c13da867f7e16cfc2e638') in 0.049823 seconds 
========================================================================
Received Import Request.
  Time since last request: 0.000018 seconds.
  path: Assets/PolygonStarter/Models/SM_PolygonPrototype_Buildings_WallWindow_2x3_01P.fbx
  artifactKey: Guid(6be28cf95702ed2459d89932f1370fab) Importer(2089858483,0ecaa5967403d082aa24f35e1b516d23)
Start importing Assets/PolygonStarter/Models/SM_PolygonPrototype_Buildings_WallWindow_2x3_01P.fbx using Guid(6be28cf95702ed2459d89932f1370fab) Importer(2089858483,0ecaa5967403d082aa24f35e1b516d23) Generated GUIDs only implemented for interfaces!
 -> (artifact id: '7b74cab6abe23e58fde737b70ba34bc3') in 0.075832 seconds 
========================================================================
Received Import Request.
  Time since last request: 0.000015 seconds.
  path: Assets/PolygonStarter/Prefabs/SM_PolygonPrototype_Prop_Crate_03.prefab
  artifactKey: Guid(5527826a6315a224d850675a730c4f62) Importer(2089858483,0ecaa5967403d082aa24f35e1b516d23)
Start importing Assets/PolygonStarter/Prefabs/SM_PolygonPrototype_Prop_Crate_03.prefab using Guid(5527826a6315a224d850675a730c4f62) Importer(2089858483,0ecaa5967403d082aa24f35e1b516d23) Generated GUIDs only implemented for interfaces!
 -> (artifact id: '514b59539690c43cf7687fa076513d29') in 0.012505 seconds 
========================================================================
Received Import Request.
  Time since last request: 0.000016 seconds.
  path: Assets/PolygonStarter/Prefabs/SM_PolygonPrototype_Prop_Target_03.prefab
  artifactKey: Guid(e0d3f8289f60e1e49a5d66d5eb8582f3) Importer(2089858483,0ecaa5967403d082aa24f35e1b516d23)
Start importing Assets/PolygonStarter/Prefabs/SM_PolygonPrototype_Prop_Target_03.prefab using Guid(e0d3f8289f60e1e49a5d66d5eb8582f3) Importer(2089858483,0ecaa5967403d082aa24f35e1b516d23) Generated GUIDs only implemented for interfaces!
 -> (artifact id: '1b4e9ae578ad5cf8b5fe3fd1dda10f51') in 0.027831 seconds 
========================================================================
Received Import Request.
  Time since last request: 0.000023 seconds.
  path: Assets/PolygonStarter/Prefabs/SM_PolygonPrototype_Buildings_Stairs_1x1_01P.prefab
  artifactKey: Guid(f675c07d915406144ae3100b985c0abc) Importer(2089858483,0ecaa5967403d082aa24f35e1b516d23)
Start importing Assets/PolygonStarter/Prefabs/SM_PolygonPrototype_Buildings_Stairs_1x1_01P.prefab using Guid(f675c07d915406144ae3100b985c0abc) Importer(2089858483,0ecaa5967403d082aa24f35e1b516d23) Generated GUIDs only implemented for interfaces!
 -> (artifact id: '8d552989086eca9d9db480eb076334c0') in 0.012682 seconds 
========================================================================
Received Import Request.
  Time since last request: 0.000015 seconds.
  path: Assets/SimpleSky/_Models/Cloud_01.fbx
  artifactKey: Guid(d6a294bdf7386d64f8c846e5ac334ffa) Importer(2089858483,0ecaa5967403d082aa24f35e1b516d23)
Start importing Assets/SimpleSky/_Models/Cloud_01.fbx using Guid(d6a294bdf7386d64f8c846e5ac334ffa) Importer(2089858483,0ecaa5967403d082aa24f35e1b516d23) Generated GUIDs only implemented for interfaces!
 -> (artifact id: '4b683f424219b09ace65ed8f1cefdb2c') in 0.019316 seconds 
========================================================================
Received Import Request.
  Time since last request: 0.000014 seconds.
  path: Assets/PolygonStarter/Prefabs/SM_Wep_Watergun_02.prefab
  artifactKey: Guid(787a31f2409a3f64c987faeb2a72ab86) Importer(2089858483,0ecaa5967403d082aa24f35e1b516d23)
Start importing Assets/PolygonStarter/Prefabs/SM_Wep_Watergun_02.prefab using Guid(787a31f2409a3f64c987faeb2a72ab86) Importer(2089858483,0ecaa5967403d082aa24f35e1b516d23) Generated GUIDs only implemented for interfaces!
 -> (artifact id: '4248c568a00d84b9e7b580950e85aaa2') in 0.014456 seconds 
========================================================================
Received Import Request.
  Time since last request: 0.000015 seconds.
  path: Assets/PolygonStarter/Prefabs/SM_PolygonPrototype_Primitive_Cone_01P.prefab
  artifactKey: Guid(917b3e362cb87ec4c9f396c33a955af2) Importer(2089858483,0ecaa5967403d082aa24f35e1b516d23)
Start importing Assets/PolygonStarter/Prefabs/SM_PolygonPrototype_Primitive_Cone_01P.prefab using Guid(917b3e362cb87ec4c9f396c33a955af2) Importer(2089858483,0ecaa5967403d082aa24f35e1b516d23) Generated GUIDs only implemented for interfaces!
 -> (artifact id: '979ff8ad46432c3550a5daad208bb7f1') in 0.021093 seconds 
========================================================================
Received Import Request.
  Time since last request: 0.000013 seconds.
  path: Assets/PolygonStarter/Prefabs/SM_Wep_Watergun_01.prefab
  artifactKey: Guid(f528363d2aaa5d748ab9fcd16b601236) Importer(2089858483,0ecaa5967403d082aa24f35e1b516d23)
Start importing Assets/PolygonStarter/Prefabs/SM_Wep_Watergun_01.prefab using Guid(f528363d2aaa5d748ab9fcd16b601236) Importer(2089858483,0ecaa5967403d082aa24f35e1b516d23) Generated GUIDs only implemented for interfaces!
 -> (artifact id: 'bd89ced73b5967f26f467e6393fd1971') in 0.012990 seconds 
========================================================================
Received Import Request.
  Time since last request: 0.000013 seconds.
  path: Assets/PolygonStarter/Prefabs/SM_PolygonPrototype_Buildings_Floor_1x1_01P.prefab
  artifactKey: Guid(af1ac26269830d347859c2c45ef72494) Importer(2089858483,0ecaa5967403d082aa24f35e1b516d23)
Start importing Assets/PolygonStarter/Prefabs/SM_PolygonPrototype_Buildings_Floor_1x1_01P.prefab using Guid(af1ac26269830d347859c2c45ef72494) Importer(2089858483,0ecaa5967403d082aa24f35e1b516d23) Generated GUIDs only implemented for interfaces!
 -> (artifact id: '46621c75aa8a6e9428fb684783231463') in 0.013390 seconds 
========================================================================
Received Import Request.
  Time since last request: 0.000013 seconds.
  path: Assets/PolygonStarter/Textures/Polygon_Plane_Texture_04.png
  artifactKey: Guid(3c88dab59f29ae7439e1be3c8742bd88) Importer(2089858483,0ecaa5967403d082aa24f35e1b516d23)
Start importing Assets/PolygonStarter/Textures/Polygon_Plane_Texture_04.png using Guid(3c88dab59f29ae7439e1be3c8742bd88) Importer(2089858483,0ecaa5967403d082aa24f35e1b516d23) Generated GUIDs only implemented for interfaces!
 -> (artifact id: '718c650a1ddf70d3fcc56569bb3d4ea0') in 0.094536 seconds 
========================================================================
Received Import Request.
  Time since last request: 0.000017 seconds.
  path: Assets/SimpleSky/ReadMe.txt
  artifactKey: Guid(8948728478b84b14aa4eba204c8c88b7) Importer(2089858483,0ecaa5967403d082aa24f35e1b516d23)
Start importing Assets/SimpleSky/ReadMe.txt using Guid(8948728478b84b14aa4eba204c8c88b7) Importer(2089858483,0ecaa5967403d082aa24f35e1b516d23) Generated GUIDs only implemented for interfaces!
 -> (artifact id: 'bc30b185ebd1895c071eddfb2b73b71c') in 0.006842 seconds 
========================================================================
Received Import Request.
  Time since last request: 0.000024 seconds.
  path: Assets/LowPolyFarmLite/Models/WateringCan_01.fbx
  artifactKey: Guid(1311afae6eeeaa84fbfa2d81fcaf9a8d) Importer(2089858483,0ecaa5967403d082aa24f35e1b516d23)
Start importing Assets/LowPolyFarmLite/Models/WateringCan_01.fbx using Guid(1311afae6eeeaa84fbfa2d81fcaf9a8d) Importer(2089858483,0ecaa5967403d082aa24f35e1b516d23) Generated GUIDs only implemented for interfaces!
 -> (artifact id: '1c872749d5b04d8568f718b35a37e39b') in 0.014194 seconds 
========================================================================
Received Import Request.
  Time since last request: 0.000013 seconds.
  path: Assets/Colores/ColorCasa.mat
  artifactKey: Guid(1bda1ff2e69a0984c837659d1465c1e8) Importer(2089858483,0ecaa5967403d082aa24f35e1b516d23)
Start importing Assets/Colores/ColorCasa.mat using Guid(1bda1ff2e69a0984c837659d1465c1e8) Importer(2089858483,0ecaa5967403d082aa24f35e1b516d23) Generated GUIDs only implemented for interfaces!
 -> (artifact id: '8ed7e1e1dfe9533fd8e049b7f5c93305') in 0.008688 seconds 
========================================================================
Received Import Request.
  Time since last request: 0.000021 seconds.
  path: Assets/PolygonStarter/Models/SM_PolygonPrototype_Primitive_Tube_01P.fbx
  artifactKey: Guid(d87ac280bde89b843b6fb7284ab0fed0) Importer(2089858483,0ecaa5967403d082aa24f35e1b516d23)
Start importing Assets/PolygonStarter/Models/SM_PolygonPrototype_Primitive_Tube_01P.fbx using Guid(d87ac280bde89b843b6fb7284ab0fed0) Importer(2089858483,0ecaa5967403d082aa24f35e1b516d23) Generated GUIDs only implemented for interfaces!
 -> (artifact id: '4aa8d00ef6bf622d1c6cb2d50c24a230') in 0.032924 seconds 
========================================================================
Received Import Request.
  Time since last request: 0.000017 seconds.
  path: Assets/LowPolyFarmLite/Models/Box_01.fbx
  artifactKey: Guid(ff53e1a687da3e94aad8ba03f54ffac9) Importer(2089858483,0ecaa5967403d082aa24f35e1b516d23)
Start importing Assets/LowPolyFarmLite/Models/Box_01.fbx using Guid(ff53e1a687da3e94aad8ba03f54ffac9) Importer(2089858483,0ecaa5967403d082aa24f35e1b516d23) Generated GUIDs only implemented for interfaces!
 -> (artifact id: 'bc47ca95e9db25e1826bd0e285de0a3b') in 0.015639 seconds 
========================================================================
Received Import Request.
  Time since last request: 0.000014 seconds.
  path: Assets/LowPolyFarmLite/Prefabs/Tree_04.prefab
  artifactKey: Guid(bae468b3a6b9ea141967f3cfbe601352) Importer(2089858483,0ecaa5967403d082aa24f35e1b516d23)
Start importing Assets/LowPolyFarmLite/Prefabs/Tree_04.prefab using Guid(bae468b3a6b9ea141967f3cfbe601352) Importer(2089858483,0ecaa5967403d082aa24f35e1b516d23) Generated GUIDs only implemented for interfaces!
 -> (artifact id: 'baeeeb4e0a8671b9753408d7c9882eb0') in 0.017855 seconds 
========================================================================
Received Import Request.
  Time since last request: 0.000016 seconds.
  path: Assets/PolygonStarter/Models/SM_Generic_Mountains_Grass_02.fbx
  artifactKey: Guid(f76ba9d22b6776e43b0208e873d28605) Importer(2089858483,0ecaa5967403d082aa24f35e1b516d23)
Start importing Assets/PolygonStarter/Models/SM_Generic_Mountains_Grass_02.fbx using Guid(f76ba9d22b6776e43b0208e873d28605) Importer(2089858483,0ecaa5967403d082aa24f35e1b516d23) Generated GUIDs only implemented for interfaces!
 -> (artifact id: '5b88f8029c2db09009bfd75b1ff9998b') in 0.016891 seconds 
========================================================================
Received Import Request.
  Time since last request: 0.000016 seconds.
  path: Assets/PolygonStarter/Prefabs/SM_Generic_Tree_02.prefab
  artifactKey: Guid(1ce022d65e1e7b84d9e5ae4a479c39ba) Importer(2089858483,0ecaa5967403d082aa24f35e1b516d23)
Start importing Assets/PolygonStarter/Prefabs/SM_Generic_Tree_02.prefab using Guid(1ce022d65e1e7b84d9e5ae4a479c39ba) Importer(2089858483,0ecaa5967403d082aa24f35e1b516d23) Generated GUIDs only implemented for interfaces!
 -> (artifact id: '0af4bdf51288ed2b759fe03a1308d287') in 0.012761 seconds 
========================================================================
Received Import Request.
  Time since last request: 0.000016 seconds.
  path: Assets/PolygonStarter/Prefabs/SM_PolygonPrototype_Icon_Letter_Question_01.prefab
  artifactKey: Guid(0a38eb871bfa7c646bc59c4f2eeea64b) Importer(2089858483,0ecaa5967403d082aa24f35e1b516d23)
Start importing Assets/PolygonStarter/Prefabs/SM_PolygonPrototype_Icon_Letter_Question_01.prefab using Guid(0a38eb871bfa7c646bc59c4f2eeea64b) Importer(2089858483,0ecaa5967403d082aa24f35e1b516d23) Generated GUIDs only implemented for interfaces!
 -> (artifact id: 'd1595c95e15ee70df8fe7d52fb09a1d1') in 0.028629 seconds 
========================================================================
Received Import Request.
  Time since last request: 0.000017 seconds.
  path: Assets/PolygonStarter/Models/SM_Generic_Tree_03.fbx
  artifactKey: Guid(f83ed2876384d1f4cb9b147d9bd0fd4b) Importer(2089858483,0ecaa5967403d082aa24f35e1b516d23)
Start importing Assets/PolygonStarter/Models/SM_Generic_Tree_03.fbx using Guid(f83ed2876384d1f4cb9b147d9bd0fd4b) Importer(2089858483,0ecaa5967403d082aa24f35e1b516d23) Generated GUIDs only implemented for interfaces!
 -> (artifact id: 'b86e57ea668641047681b17488ecc80f') in 0.019828 seconds 
========================================================================
Received Import Request.
  Time since last request: 0.000018 seconds.
  path: Assets/SimpleSky/_Prefabs/Cloud_06.prefab
  artifactKey: Guid(c2391e8a6bdf5424194b61e41952a40a) Importer(2089858483,0ecaa5967403d082aa24f35e1b516d23)
Start importing Assets/SimpleSky/_Prefabs/Cloud_06.prefab using Guid(c2391e8a6bdf5424194b61e41952a40a) Importer(2089858483,0ecaa5967403d082aa24f35e1b516d23) Generated GUIDs only implemented for interfaces!
 -> (artifact id: 'cebf0b9de6952a4a74acbd116a40342f') in 0.027479 seconds 
========================================================================
Received Import Request.
  Time since last request: 0.000023 seconds.
  path: Assets/CubePeopleDemo/Materials/Ch/Ch_0CP01_Bottom01.mat
  artifactKey: Guid(89297f4e1ed19c741a5ffbfee83b6e18) Importer(2089858483,0ecaa5967403d082aa24f35e1b516d23)
Start importing Assets/CubePeopleDemo/Materials/Ch/Ch_0CP01_Bottom01.mat using Guid(89297f4e1ed19c741a5ffbfee83b6e18) Importer(2089858483,0ecaa5967403d082aa24f35e1b516d23) Generated GUIDs only implemented for interfaces!
 -> (artifact id: '6014a3677bcfb05c7ee3d049de1d449c') in 0.025733 seconds 
========================================================================
Received Import Request.
  Time since last request: 0.000017 seconds.
  path: Assets/CubePeopleDemo/Materials/Eff/Eff_AddRed.mat
  artifactKey: Guid(5a13f336c759988499b1fdddcc5fb0b9) Importer(2089858483,0ecaa5967403d082aa24f35e1b516d23)
Start importing Assets/CubePeopleDemo/Materials/Eff/Eff_AddRed.mat using Guid(5a13f336c759988499b1fdddcc5fb0b9) Importer(2089858483,0ecaa5967403d082aa24f35e1b516d23) Generated GUIDs only implemented for interfaces!
 -> (artifact id: 'd566932bb69fc80272ddcc27f54ccb44') in 0.053902 seconds 
========================================================================
Received Import Request.
  Time since last request: 0.000014 seconds.
  path: Assets/CubePeopleDemo/Materials/Demo/White.mat
  artifactKey: Guid(95a1780017faba6449e3312b197c8a52) Importer(2089858483,0ecaa5967403d082aa24f35e1b516d23)
Start importing Assets/CubePeopleDemo/Materials/Demo/White.mat using Guid(95a1780017faba6449e3312b197c8a52) Importer(2089858483,0ecaa5967403d082aa24f35e1b516d23) Generated GUIDs only implemented for interfaces!
 -> (artifact id: 'a7a2c4123e92506d621af6a13d547dcf') in 0.010861 seconds 
========================================================================
Received Import Request.
  Time since last request: 0.000014 seconds.
  path: Assets/CubePeopleDemo/Prefabs/0CP/Ch_0CP00M00Bn.prefab
  artifactKey: Guid(de10a79bbda304141be76afbf9a58ee2) Importer(2089858483,0ecaa5967403d082aa24f35e1b516d23)
Start importing Assets/CubePeopleDemo/Prefabs/0CP/Ch_0CP00M00Bn.prefab using Guid(de10a79bbda304141be76afbf9a58ee2) Importer(2089858483,0ecaa5967403d082aa24f35e1b516d23) Generated GUIDs only implemented for interfaces!
 -> (artifact id: 'eae57d820f44ced5b0a332db5f359282') in 0.035079 seconds 
========================================================================
Received Import Request.
  Time since last request: 0.000014 seconds.
  path: Assets/CubePeopleDemo/Prefabs/0CP/Ch_0CP01F00P.prefab
  artifactKey: Guid(2d7ee8ca01f9d7b4ba36feabb0bb9dcc) Importer(2089858483,0ecaa5967403d082aa24f35e1b516d23)
Start importing Assets/CubePeopleDemo/Prefabs/0CP/Ch_0CP01F00P.prefab using Guid(2d7ee8ca01f9d7b4ba36feabb0bb9dcc) Importer(2089858483,0ecaa5967403d082aa24f35e1b516d23) Generated GUIDs only implemented for interfaces!
 -> (artifact id: '4c07317333179c9afa9fa397519e1379') in 0.011312 seconds 
========================================================================
Received Import Request.
  Time since last request: 0.000015 seconds.
  path: Assets/CubePeopleDemo/Materials/Ch/Ch_0CP01_Bottom00.mat
  artifactKey: Guid(992f09027989adf439232bd2222f84b2) Importer(2089858483,0ecaa5967403d082aa24f35e1b516d23)
Start importing Assets/CubePeopleDemo/Materials/Ch/Ch_0CP01_Bottom00.mat using Guid(992f09027989adf439232bd2222f84b2) Importer(2089858483,0ecaa5967403d082aa24f35e1b516d23) Generated GUIDs only implemented for interfaces!
 -> (artifact id: '4f602a94b72784f4d42540ca23a6e29a') in 0.017821 seconds 
========================================================================
Received Import Request.
  Time since last request: 0.000015 seconds.
  path: Assets/CubePeopleDemo/Prefabs/0CP/Ch_0CP01F00.prefab
  artifactKey: Guid(b8b02f123fbd82946b5bdafd48b1b5b9) Importer(2089858483,0ecaa5967403d082aa24f35e1b516d23)
Start importing Assets/CubePeopleDemo/Prefabs/0CP/Ch_0CP01F00.prefab using Guid(b8b02f123fbd82946b5bdafd48b1b5b9) Importer(2089858483,0ecaa5967403d082aa24f35e1b516d23) Generated GUIDs only implemented for interfaces!
 -> (artifact id: 'b2a8c49091957ddcc148b75fc7c8391e') in 0.046587 seconds 
========================================================================
Received Import Request.
  Time since last request: 0.000018 seconds.
  path: Assets/SimpleSky/_Prefabs/Cloud_05.prefab
  artifactKey: Guid(c37b1ccfbc7ed274eb99f9d40e72c4e6) Importer(2089858483,0ecaa5967403d082aa24f35e1b516d23)
Start importing Assets/SimpleSky/_Prefabs/Cloud_05.prefab using Guid(c37b1ccfbc7ed274eb99f9d40e72c4e6) Importer(2089858483,0ecaa5967403d082aa24f35e1b516d23) Generated GUIDs only implemented for interfaces!
 -> (artifact id: 'e5c63000a14d40aa6ebb007a713ee750') in 0.008530 seconds 
========================================================================
Received Import Request.
  Time since last request: 0.000020 seconds.
  path: Assets/SimpleSky/_Prefabs/Cloud_01.prefab
  artifactKey: Guid(09062dc0008857b46aaacdb7206f1453) Importer(2089858483,0ecaa5967403d082aa24f35e1b516d23)
Start importing Assets/SimpleSky/_Prefabs/Cloud_01.prefab using Guid(09062dc0008857b46aaacdb7206f1453) Importer(2089858483,0ecaa5967403d082aa24f35e1b516d23) Generated GUIDs only implemented for interfaces!
 -> (artifact id: '76b98173ea027c01edf74f2a3f35a7c2') in 0.007794 seconds 
========================================================================
Received Import Request.
  Time since last request: 0.000017 seconds.
  path: Assets/CubePeopleDemo/Materials/Demo/Red.mat
  artifactKey: Guid(c366869bcf50f9845a034ea65c2c8549) Importer(2089858483,0ecaa5967403d082aa24f35e1b516d23)
Start importing Assets/CubePeopleDemo/Materials/Demo/Red.mat using Guid(c366869bcf50f9845a034ea65c2c8549) Importer(2089858483,0ecaa5967403d082aa24f35e1b516d23) Generated GUIDs only implemented for interfaces!
 -> (artifact id: '7ed0bb75756a244a36fd1fba2b42a0ec') in 0.056356 seconds 
========================================================================
Received Import Request.
  Time since last request: 0.000014 seconds.
  path: Assets/CubePeopleDemo/Prefabs/0CP/Ch_0CP01F01.prefab
  artifactKey: Guid(283849f16bfc77440b18d69ac0fc81d8) Importer(2089858483,0ecaa5967403d082aa24f35e1b516d23)
Start importing Assets/CubePeopleDemo/Prefabs/0CP/Ch_0CP01F01.prefab using Guid(283849f16bfc77440b18d69ac0fc81d8) Importer(2089858483,0ecaa5967403d082aa24f35e1b516d23) Generated GUIDs only implemented for interfaces!
 -> (artifact id: '7f1969c1ef371d32f9021069011f08a7') in 0.127494 seconds 
========================================================================
Received Import Request.
  Time since last request: 0.000021 seconds.
  path: Assets/CubePeopleDemo/Materials/Demo/Brown.mat
  artifactKey: Guid(77cc2efca1f90c94ebccf1c6deee5b53) Importer(2089858483,0ecaa5967403d082aa24f35e1b516d23)
Start importing Assets/CubePeopleDemo/Materials/Demo/Brown.mat using Guid(77cc2efca1f90c94ebccf1c6deee5b53) Importer(2089858483,0ecaa5967403d082aa24f35e1b516d23) Generated GUIDs only implemented for interfaces!
 -> (artifact id: 'b318627408ab72482b01ddaae296a752') in 0.043593 seconds 
========================================================================
Received Import Request.
  Time since last request: 0.000030 seconds.
  path: Assets/CubePeopleDemo/Prefabs/Demo/Ch_0CP00M00Br.prefab
  artifactKey: Guid(b27bcdf6f6be0384bb9c4cc62979dc81) Importer(2089858483,0ecaa5967403d082aa24f35e1b516d23)
Start importing Assets/CubePeopleDemo/Prefabs/Demo/Ch_0CP00M00Br.prefab using Guid(b27bcdf6f6be0384bb9c4cc62979dc81) Importer(2089858483,0ecaa5967403d082aa24f35e1b516d23) Generated GUIDs only implemented for interfaces!
 -> (artifact id: '9a2542d1c97c95450020974c9097fbbd') in 0.035918 seconds 
========================================================================
Received Import Request.
  Time since last request: 0.000014 seconds.
  path: Assets/CubePeopleDemo/Prefabs/Demo/Ch_0CP00F00R.prefab
  artifactKey: Guid(4346fa7ef3807d64998b858184256140) Importer(2089858483,0ecaa5967403d082aa24f35e1b516d23)
Start importing Assets/CubePeopleDemo/Prefabs/Demo/Ch_0CP00F00R.prefab using Guid(4346fa7ef3807d64998b858184256140) Importer(2089858483,0ecaa5967403d082aa24f35e1b516d23) Generated GUIDs only implemented for interfaces!
 -> (artifact id: 'bb47d1968a923795771dc0dab10b26af') in 0.045576 seconds 
========================================================================
Received Import Request.
  Time since last request: 0.000014 seconds.
  path: Assets/CubePeopleDemo/Prefabs/0CP/Ch_0CP01F01R.prefab
  artifactKey: Guid(e41904ecb444dd8489ab31299bfe1684) Importer(2089858483,0ecaa5967403d082aa24f35e1b516d23)
Start importing Assets/CubePeopleDemo/Prefabs/0CP/Ch_0CP01F01R.prefab using Guid(e41904ecb444dd8489ab31299bfe1684) Importer(2089858483,0ecaa5967403d082aa24f35e1b516d23) Generated GUIDs only implemented for interfaces!
 -> (artifact id: 'dfb302f599d5a8d6819e8b19ed7da497') in 0.072472 seconds 
========================================================================
Received Import Request.
  Time since last request: 0.000014 seconds.
  path: Assets/CubePeopleDemo/Prefabs/Demo/Ch_0CP01F00.prefab
  artifactKey: Guid(08cd7cee86144fb49a6e71ca36aa5928) Importer(2089858483,0ecaa5967403d082aa24f35e1b516d23)
Start importing Assets/CubePeopleDemo/Prefabs/Demo/Ch_0CP01F00.prefab using Guid(08cd7cee86144fb49a6e71ca36aa5928) Importer(2089858483,0ecaa5967403d082aa24f35e1b516d23) Generated GUIDs only implemented for interfaces!
 -> (artifact id: '5030557ab70ea89d59150d3b1f6693bd') in 0.093356 seconds 
========================================================================
Received Import Request.
  Time since last request: 0.000022 seconds.
  path: Assets/CubePeopleDemo/Prefabs/0CP/Ch_0CP01M00W.prefab
  artifactKey: Guid(7241f3caddc7f9a4ca114cac2f9e5cd2) Importer(2089858483,0ecaa5967403d082aa24f35e1b516d23)
Start importing Assets/CubePeopleDemo/Prefabs/0CP/Ch_0CP01M00W.prefab using Guid(7241f3caddc7f9a4ca114cac2f9e5cd2) Importer(2089858483,0ecaa5967403d082aa24f35e1b516d23) Generated GUIDs only implemented for interfaces!
 -> (artifact id: '1215415ca82ad20c33af28006fd62dc2') in 0.014289 seconds 
========================================================================
Received Import Request.
  Time since last request: 0.000023 seconds.
  path: Assets/CubePeopleDemo/Prefabs/0CP/Ch_0CP01M01Br.prefab
  artifactKey: Guid(4ee2b431ff83d7e4abebf49f95d5958f) Importer(2089858483,0ecaa5967403d082aa24f35e1b516d23)
Start importing Assets/CubePeopleDemo/Prefabs/0CP/Ch_0CP01M01Br.prefab using Guid(4ee2b431ff83d7e4abebf49f95d5958f) Importer(2089858483,0ecaa5967403d082aa24f35e1b516d23) Generated GUIDs only implemented for interfaces!
 -> (artifact id: '8f87fb462bab22b87da58a2a6efe71b2') in 0.016969 seconds 
========================================================================
Received Import Request.
  Time since last request: 0.000014 seconds.
  path: Assets/CubePeopleDemo/Prefabs/0CP/Ch_0CP01F01Bn.prefab
  artifactKey: Guid(280b080f2a4bfa84ebfc864221e9e6b7) Importer(2089858483,0ecaa5967403d082aa24f35e1b516d23)
Start importing Assets/CubePeopleDemo/Prefabs/0CP/Ch_0CP01F01Bn.prefab using Guid(280b080f2a4bfa84ebfc864221e9e6b7) Importer(2089858483,0ecaa5967403d082aa24f35e1b516d23) Generated GUIDs only implemented for interfaces!
 -> (artifact id: '3dca1d2a8f295399a3967d5df18b9c7d') in 0.027416 seconds 
========================================================================
Received Import Request.
  Time since last request: 0.000016 seconds.
  path: Assets/CubePeopleDemo/Prefabs/Demo/Ch_0CP00M00Bn.prefab
  artifactKey: Guid(d29291321a58c0442b703d694ff4806d) Importer(2089858483,0ecaa5967403d082aa24f35e1b516d23)
Start importing Assets/CubePeopleDemo/Prefabs/Demo/Ch_0CP00M00Bn.prefab using Guid(d29291321a58c0442b703d694ff4806d) Importer(2089858483,0ecaa5967403d082aa24f35e1b516d23) Generated GUIDs only implemented for interfaces!
 -> (artifact id: '5ba0b209d09bb22716d9346cabcba82c') in 0.016306 seconds 
========================================================================
Received Import Request.
  Time since last request: 0.000017 seconds.
  path: Assets/CubePeopleDemo/Prefabs/Demo/Ch_0CP01F00Br.prefab
  artifactKey: Guid(f12a5913423aaba4a826be2f6f9061fe) Importer(2089858483,0ecaa5967403d082aa24f35e1b516d23)
Start importing Assets/CubePeopleDemo/Prefabs/Demo/Ch_0CP01F00Br.prefab using Guid(f12a5913423aaba4a826be2f6f9061fe) Importer(2089858483,0ecaa5967403d082aa24f35e1b516d23) Generated GUIDs only implemented for interfaces!
 -> (artifact id: 'e17e60e197e28bc8ee56790b89979cc6') in 0.016808 seconds 
========================================================================
Received Import Request.
  Time since last request: 0.000016 seconds.
  path: Assets/CubePeopleDemo/Prefabs/0CP/Ch_0CP01F01W.prefab
  artifactKey: Guid(ed30e279354781a4d8e771bd460e884d) Importer(2089858483,0ecaa5967403d082aa24f35e1b516d23)
Start importing Assets/CubePeopleDemo/Prefabs/0CP/Ch_0CP01F01W.prefab using Guid(ed30e279354781a4d8e771bd460e884d) Importer(2089858483,0ecaa5967403d082aa24f35e1b516d23) Generated GUIDs only implemented for interfaces!
 -> (artifact id: 'cd4b418568de166e947ede0f22e8edf8') in 0.053483 seconds 
========================================================================
Received Import Request.
  Time since last request: 0.000013 seconds.
  path: Assets/CubePeopleDemo/Prefabs/Demo/Ch_0CP01F00Bn.prefab
  artifactKey: Guid(552a898ebe6ea484aa4919ff755a19ab) Importer(2089858483,0ecaa5967403d082aa24f35e1b516d23)
Start importing Assets/CubePeopleDemo/Prefabs/Demo/Ch_0CP01F00Bn.prefab using Guid(552a898ebe6ea484aa4919ff755a19ab) Importer(2089858483,0ecaa5967403d082aa24f35e1b516d23) Generated GUIDs only implemented for interfaces!
 -> (artifact id: '05de2d1734b2ab5e4b56ddd68e1db29c') in 0.082040 seconds 
========================================================================
Received Import Request.
  Time since last request: 0.000017 seconds.
  path: Assets/CubePeopleDemo/Scenes/CubePeople_Demo/NavMesh.asset
  artifactKey: Guid(e40ae0be98aa18540a805bfbceadf9d9) Importer(2089858483,0ecaa5967403d082aa24f35e1b516d23)
Start importing Assets/CubePeopleDemo/Scenes/CubePeople_Demo/NavMesh.asset using Guid(e40ae0be98aa18540a805bfbceadf9d9) Importer(2089858483,0ecaa5967403d082aa24f35e1b516d23) Generated GUIDs only implemented for interfaces!
 -> (artifact id: '858743f37009d671bdf500c82761ce8c') in 0.039019 seconds 
========================================================================
Received Import Request.
  Time since last request: 0.000030 seconds.
  path: Assets/CubePeopleDemo/Prefabs/Demo/Ground.prefab
  artifactKey: Guid(e9fe4d85e8d501343a247c98a05e8a8c) Importer(2089858483,0ecaa5967403d082aa24f35e1b516d23)
Start importing Assets/CubePeopleDemo/Prefabs/Demo/Ground.prefab using Guid(e9fe4d85e8d501343a247c98a05e8a8c) Importer(2089858483,0ecaa5967403d082aa24f35e1b516d23) Generated GUIDs only implemented for interfaces!
 -> (artifact id: '8baac43fb9099f076f45a1540ecabd07') in 0.018247 seconds 
========================================================================
Received Import Request.
  Time since last request: 0.000013 seconds.
  path: Assets/CubePeopleDemo/Textures/Eff/GlowDot00.png
  artifactKey: Guid(b6ccb96a600ac744a9ea74d82917c822) Importer(2089858483,0ecaa5967403d082aa24f35e1b516d23)
Start importing Assets/CubePeopleDemo/Textures/Eff/GlowDot00.png using Guid(b6ccb96a600ac744a9ea74d82917c822) Importer(2089858483,0ecaa5967403d082aa24f35e1b516d23) Generated GUIDs only implemented for interfaces!
 -> (artifact id: 'd64200d7f7c3b33f5d63ba7a44fbef9b') in 0.062795 seconds 
========================================================================
Received Import Request.
  Time since last request: 0.000015 seconds.
  path: Assets/PolygonStarter/Materials/Misc/PolygonStarter_Mat_01_Glass.mat
  artifactKey: Guid(167faa9f54383f04987dcacc6372f1b4) Importer(2089858483,0ecaa5967403d082aa24f35e1b516d23)
Start importing Assets/PolygonStarter/Materials/Misc/PolygonStarter_Mat_01_Glass.mat using Guid(167faa9f54383f04987dcacc6372f1b4) Importer(2089858483,0ecaa5967403d082aa24f35e1b516d23) Generated GUIDs only implemented for interfaces!
 -> (artifact id: '7f6075695035b76085a4d0600658140a') in 0.072469 seconds 
========================================================================
Received Import Request.
  Time since last request: 0.000013 seconds.
  path: Assets/CubePeopleDemo/Prefabs/Demo/Ch_0CP01M00Bn.prefab
  artifactKey: Guid(453f5bb4421233c4e96ca07f9f650be3) Importer(2089858483,0ecaa5967403d082aa24f35e1b516d23)
Start importing Assets/CubePeopleDemo/Prefabs/Demo/Ch_0CP01M00Bn.prefab using Guid(453f5bb4421233c4e96ca07f9f650be3) Importer(2089858483,0ecaa5967403d082aa24f35e1b516d23) Generated GUIDs only implemented for interfaces!
 -> (artifact id: '2ba710446853585ea5eee11963f7122d') in 0.058821 seconds 
========================================================================
Received Import Request.
  Time since last request: 0.000021 seconds.
  path: Assets/CubePeopleDemo/Prefabs/Demo/Ch_0CP01M01Bk.prefab
  artifactKey: Guid(8f1885f01b412624fb980f836bb4c173) Importer(2089858483,0ecaa5967403d082aa24f35e1b516d23)
Start importing Assets/CubePeopleDemo/Prefabs/Demo/Ch_0CP01M01Bk.prefab using Guid(8f1885f01b412624fb980f836bb4c173) Importer(2089858483,0ecaa5967403d082aa24f35e1b516d23) Generated GUIDs only implemented for interfaces!
 -> (artifact id: '1e9e6e3df025b514b969919cedfa2f77') in 0.037850 seconds 
========================================================================
Received Import Request.
  Time since last request: 0.000021 seconds.
  path: Assets/CubePeopleDemo/Prefabs/Demo/Ch_0CP01M01R.prefab
  artifactKey: Guid(00789f9f2f985f047ac549ba36ddc873) Importer(2089858483,0ecaa5967403d082aa24f35e1b516d23)
Start importing Assets/CubePeopleDemo/Prefabs/Demo/Ch_0CP01M01R.prefab using Guid(00789f9f2f985f047ac549ba36ddc873) Importer(2089858483,0ecaa5967403d082aa24f35e1b516d23) Generated GUIDs only implemented for interfaces!
 -> (artifact id: '9c6951731bce80179b6cf8619276e46f') in 0.054821 seconds 
========================================================================
Received Import Request.
  Time since last request: 0.000014 seconds.
  path: Assets/CubePeopleDemo/Textures/Ch/Ch_0CP00_Bottom00.png
  artifactKey: Guid(a0f7cd582ae3b854b9946e68aabd5cf5) Importer(2089858483,0ecaa5967403d082aa24f35e1b516d23)
Start importing Assets/CubePeopleDemo/Textures/Ch/Ch_0CP00_Bottom00.png using Guid(a0f7cd582ae3b854b9946e68aabd5cf5) Importer(2089858483,0ecaa5967403d082aa24f35e1b516d23) Generated GUIDs only implemented for interfaces!
 -> (artifact id: 'd7132eef793ea17d461e4afd1a830091') in 0.012968 seconds 
========================================================================
Received Import Request.
  Time since last request: 0.000014 seconds.
  path: Assets/CubePeopleDemo/Prefabs/Demo/Ch_0CP01M00Bald.prefab
  artifactKey: Guid(57adaaff2a2e05b4cbbece129618503d) Importer(2089858483,0ecaa5967403d082aa24f35e1b516d23)
Start importing Assets/CubePeopleDemo/Prefabs/Demo/Ch_0CP01M00Bald.prefab using Guid(57adaaff2a2e05b4cbbece129618503d) Importer(2089858483,0ecaa5967403d082aa24f35e1b516d23) Generated GUIDs only implemented for interfaces!
 -> (artifact id: '4758ee4ddb2f6e878757e7184f70749c') in 0.036482 seconds 
========================================================================
Received Import Request.
  Time since last request: 0.000020 seconds.
  path: Assets/CubePeopleDemo/Textures/Ch/Ch_0CP01_Bottom01.png
  artifactKey: Guid(72bd52a5603e6b249b47557f4e89ab54) Importer(2089858483,0ecaa5967403d082aa24f35e1b516d23)
Start importing Assets/CubePeopleDemo/Textures/Ch/Ch_0CP01_Bottom01.png using Guid(72bd52a5603e6b249b47557f4e89ab54) Importer(2089858483,0ecaa5967403d082aa24f35e1b516d23) Generated GUIDs only implemented for interfaces!
 -> (artifact id: '532b229ea1fa6400974ba7ecb65252ef') in 0.012435 seconds 
========================================================================
Received Import Request.
  Time since last request: 0.000015 seconds.
  path: Assets/PolygonStarter/Models/SM_PolygonPrototype_Prop_Cone_01.fbx
  artifactKey: Guid(10f4e51254da985418a112d2dfe124f0) Importer(2089858483,0ecaa5967403d082aa24f35e1b516d23)
Start importing Assets/PolygonStarter/Models/SM_PolygonPrototype_Prop_Cone_01.fbx using Guid(10f4e51254da985418a112d2dfe124f0) Importer(2089858483,0ecaa5967403d082aa24f35e1b516d23) Generated GUIDs only implemented for interfaces!
 -> (artifact id: '082534f4990a5cd2bbf2ecc1f9bcf233') in 0.013905 seconds 
========================================================================
Received Import Request.
  Time since last request: 0.000013 seconds.
  path: Assets/PolygonStarter/Textures/PolygonStarter_Texture_01.png
  artifactKey: Guid(6cf54faba48b51c45af7d22ca798531f) Importer(2089858483,0ecaa5967403d082aa24f35e1b516d23)
Start importing Assets/PolygonStarter/Textures/PolygonStarter_Texture_01.png using Guid(6cf54faba48b51c45af7d22ca798531f) Importer(2089858483,0ecaa5967403d082aa24f35e1b516d23) Generated GUIDs only implemented for interfaces!
 -> (artifact id: 'f78b08c237f6962c3b332de79d9845d0') in 0.012214 seconds 
========================================================================
Received Import Request.
  Time since last request: 0.000013 seconds.
  path: Assets/CubePeopleDemo/Prefabs/0CP/Ch_0CP00F00W.prefab
  artifactKey: Guid(2f0f6aa7ab25ade41b1becea97140a93) Importer(2089858483,0ecaa5967403d082aa24f35e1b516d23)
Start importing Assets/CubePeopleDemo/Prefabs/0CP/Ch_0CP00F00W.prefab using Guid(2f0f6aa7ab25ade41b1becea97140a93) Importer(2089858483,0ecaa5967403d082aa24f35e1b516d23) Generated GUIDs only implemented for interfaces!
 -> (artifact id: 'f428fff5e9e3cff39ee6806168fc1d23') in 0.031201 seconds 
========================================================================
Received Import Request.
  Time since last request: 0.000014 seconds.
  path: Assets/LowPolyFarmLite/Models/Tomato_03.fbx
  artifactKey: Guid(b7cf12fb849f2ce4592a36e9c9c8d4f9) Importer(2089858483,0ecaa5967403d082aa24f35e1b516d23)
Start importing Assets/LowPolyFarmLite/Models/Tomato_03.fbx using Guid(b7cf12fb849f2ce4592a36e9c9c8d4f9) Importer(2089858483,0ecaa5967403d082aa24f35e1b516d23) Generated GUIDs only implemented for interfaces!
 -> (artifact id: '05ecf02757d3c7fd53384caf6935ce22') in 0.015404 seconds 
========================================================================
Received Import Request.
  Time since last request: 0.000022 seconds.
  path: Assets/PolygonStarter/Models/SM_PolygonPrototype_Icon_Arrow_Small_01.fbx
  artifactKey: Guid(b9979013b18adc147ac208c3520b982e) Importer(2089858483,0ecaa5967403d082aa24f35e1b516d23)
Start importing Assets/PolygonStarter/Models/SM_PolygonPrototype_Icon_Arrow_Small_01.fbx using Guid(b9979013b18adc147ac208c3520b982e) Importer(2089858483,0ecaa5967403d082aa24f35e1b516d23) Generated GUIDs only implemented for interfaces!
 -> (artifact id: 'f241052e9abe62303093c4cb156adb0e') in 0.014225 seconds 
========================================================================
Received Import Request.
  Time since last request: 0.000017 seconds.
  path: Assets/PolygonStarter/Prefabs/SM_Generic_CloudRing_01.prefab
  artifactKey: Guid(280053154239720458c4b6093bfea66a) Importer(2089858483,0ecaa5967403d082aa24f35e1b516d23)
Start importing Assets/PolygonStarter/Prefabs/SM_Generic_CloudRing_01.prefab using Guid(280053154239720458c4b6093bfea66a) Importer(2089858483,0ecaa5967403d082aa24f35e1b516d23) Generated GUIDs only implemented for interfaces!
 -> (artifact id: '6ee703518c39647de6eb5b1901aa4123') in 0.020889 seconds 
========================================================================
Received Import Request.
  Time since last request: 0.000015 seconds.
  path: Assets/PolygonStarter/Models/SM_Bean_Cop_01.fbx
  artifactKey: Guid(c89a73caf26194948b5a891401eaf18e) Importer(2089858483,0ecaa5967403d082aa24f35e1b516d23)
Start importing Assets/PolygonStarter/Models/SM_Bean_Cop_01.fbx using Guid(c89a73caf26194948b5a891401eaf18e) Importer(2089858483,0ecaa5967403d082aa24f35e1b516d23) Generated GUIDs only implemented for interfaces!
 -> (artifact id: 'bf640e304baebc7d29658d764d07a91e') in 0.047307 seconds 
========================================================================
Received Import Request.
  Time since last request: 0.000018 seconds.
  path: Assets/PolygonStarter/Models/SM_Generic_Ground_03.fbx
  artifactKey: Guid(7cf8232403ff6a14483511b1d83ccf1a) Importer(2089858483,0ecaa5967403d082aa24f35e1b516d23)
Start importing Assets/PolygonStarter/Models/SM_Generic_Ground_03.fbx using Guid(7cf8232403ff6a14483511b1d83ccf1a) Importer(2089858483,0ecaa5967403d082aa24f35e1b516d23) Generated GUIDs only implemented for interfaces!
 -> (artifact id: '4d3bdd58a72bda0a000faf188e817aca') in 0.013563 seconds 
========================================================================
Received Import Request.
  Time since last request: 0.000013 seconds.
  path: Assets/CubePeopleDemo/Materials/Demo/Green.mat
  artifactKey: Guid(efbc67a18a0c61840bf1f762c2c250c5) Importer(2089858483,0ecaa5967403d082aa24f35e1b516d23)
Start importing Assets/CubePeopleDemo/Materials/Demo/Green.mat using Guid(efbc67a18a0c61840bf1f762c2c250c5) Importer(2089858483,0ecaa5967403d082aa24f35e1b516d23) Generated GUIDs only implemented for interfaces!
 -> (artifact id: 'a00bfff1974ef7b9d2cbaa21b8d37265') in 0.023254 seconds 
========================================================================
Received Import Request.
  Time since last request: 0.000013 seconds.
  path: Assets/CubePeopleDemo/Materials/Demo/LightGray.mat
  artifactKey: Guid(8d1c6cce71bb6944887dc26bac2163de) Importer(2089858483,0ecaa5967403d082aa24f35e1b516d23)
Start importing Assets/CubePeopleDemo/Materials/Demo/LightGray.mat using Guid(8d1c6cce71bb6944887dc26bac2163de) Importer(2089858483,0ecaa5967403d082aa24f35e1b516d23) Generated GUIDs only implemented for interfaces!
 -> (artifact id: '6301511ff4f49fc562ba76afce2f4cb5') in 0.021920 seconds 
========================================================================
Received Import Request.
  Time since last request: 0.000014 seconds.
  path: Assets/CubePeopleDemo/Scripts/EightDirectionMovement.cs
  artifactKey: Guid(b8945a06b745019488038c3312083531) Importer(2089858483,0ecaa5967403d082aa24f35e1b516d23)
Start importing Assets/CubePeopleDemo/Scripts/EightDirectionMovement.cs using Guid(b8945a06b745019488038c3312083531) Importer(2089858483,0ecaa5967403d082aa24f35e1b516d23) Generated GUIDs only implemented for interfaces!
 -> (artifact id: 'fac28bb6d2f1b0dc0ca4a383dd89a78f') in 0.010292 seconds 
========================================================================
Received Import Request.
  Time since last request: 0.000016 seconds.
  path: Assets/PolygonStarter/Prefabs/SM_PolygonPrototype_Primitive_Cylander_01P.prefab
  artifactKey: Guid(4ec4cfadebd96154690192fbd49e28b8) Importer(2089858483,0ecaa5967403d082aa24f35e1b516d23)
Start importing Assets/PolygonStarter/Prefabs/SM_PolygonPrototype_Primitive_Cylander_01P.prefab using Guid(4ec4cfadebd96154690192fbd49e28b8) Importer(2089858483,0ecaa5967403d082aa24f35e1b516d23) Generated GUIDs only implemented for interfaces!
 -> (artifact id: 'e2dff700ffc6fc47c3fdec8cc5f8c922') in 0.043541 seconds 
========================================================================
Received Import Request.
  Time since last request: 0.000017 seconds.
  path: Assets/PolygonStarter/Models/SM_Generic_Tree_01.fbx
  artifactKey: Guid(eafcccb3a6a70464caf8371e0f6153df) Importer(2089858483,0ecaa5967403d082aa24f35e1b516d23)
Start importing Assets/PolygonStarter/Models/SM_Generic_Tree_01.fbx using Guid(eafcccb3a6a70464caf8371e0f6153df) Importer(2089858483,0ecaa5967403d082aa24f35e1b516d23) Generated GUIDs only implemented for interfaces!
 -> (artifact id: 'def86d5eb084286da087c5e20d3e0e35') in 0.015640 seconds 
========================================================================
Received Import Request.
  Time since last request: 0.000026 seconds.
  path: Assets/CubePeopleDemo/Materials/Ch/Ch_0CP01_Top00.mat
  artifactKey: Guid(66a28703ca171f7419a7d08bcb89b157) Importer(2089858483,0ecaa5967403d082aa24f35e1b516d23)
Start importing Assets/CubePeopleDemo/Materials/Ch/Ch_0CP01_Top00.mat using Guid(66a28703ca171f7419a7d08bcb89b157) Importer(2089858483,0ecaa5967403d082aa24f35e1b516d23) Generated GUIDs only implemented for interfaces!
 -> (artifact id: '842e62712eb77adbeb71aad35a4b6dfe') in 0.008407 seconds 
========================================================================
Received Import Request.
  Time since last request: 0.000018 seconds.
  path: Assets/SimpleSky/_Demo/SimpleSky_DemoSettings.lighting
  artifactKey: Guid(66287cdba81b59f478c55890b6ba433a) Importer(2089858483,0ecaa5967403d082aa24f35e1b516d23)
Start importing Assets/SimpleSky/_Demo/SimpleSky_DemoSettings.lighting using Guid(66287cdba81b59f478c55890b6ba433a) Importer(2089858483,0ecaa5967403d082aa24f35e1b516d23) LightingSettings: switching bake backend from 1 to 0.
Generated GUIDs only implemented for interfaces!
 -> (artifact id: 'f5996aac0afce9d47e61a2480002231c') in 0.015899 seconds 
========================================================================
Received Import Request.
  Time since last request: 0.000013 seconds.
  path: Assets/CubePeopleDemo/Prefabs/Demo/Ch_0CP00F00Bn.prefab
  artifactKey: Guid(725d0116906683a4e8e1377d999fb3e4) Importer(2089858483,0ecaa5967403d082aa24f35e1b516d23)
Start importing Assets/CubePeopleDemo/Prefabs/Demo/Ch_0CP00F00Bn.prefab using Guid(725d0116906683a4e8e1377d999fb3e4) Importer(2089858483,0ecaa5967403d082aa24f35e1b516d23) Generated GUIDs only implemented for interfaces!
 -> (artifact id: 'a8a91f1636f89cf9a25ffaccb28a9e31') in 0.035367 seconds 
========================================================================
Received Import Request.
  Time since last request: 0.000015 seconds.
  path: Assets/CubePeopleDemo/Prefabs/0CP/Ch_0CP01M01Bk.prefab
  artifactKey: Guid(255eca44f584d234b85ab928bf1a924a) Importer(2089858483,0ecaa5967403d082aa24f35e1b516d23)
Start importing Assets/CubePeopleDemo/Prefabs/0CP/Ch_0CP01M01Bk.prefab using Guid(255eca44f584d234b85ab928bf1a924a) Importer(2089858483,0ecaa5967403d082aa24f35e1b516d23) Generated GUIDs only implemented for interfaces!
 -> (artifact id: 'f49936536af2feb53334557e4f90cf68') in 0.019874 seconds 
========================================================================
Received Import Request.
  Time since last request: 0.000016 seconds.
  path: Assets/CubePeopleDemo/Prefabs/0CP/Ch_0CP01M00Bald.prefab
  artifactKey: Guid(ff203ffdb771002488e02701d3ea2828) Importer(2089858483,0ecaa5967403d082aa24f35e1b516d23)
Start importing Assets/CubePeopleDemo/Prefabs/0CP/Ch_0CP01M00Bald.prefab using Guid(ff203ffdb771002488e02701d3ea2828) Importer(2089858483,0ecaa5967403d082aa24f35e1b516d23) Generated GUIDs only implemented for interfaces!
 -> (artifact id: 'f70850c184a53dc6f9014dc30abfcd7d') in 0.009505 seconds 
========================================================================
Received Import Request.
  Time since last request: 1.603251 seconds.
  path: Assets/PolygonStarter/Materials/Plane/PolygonStarter_Mat_Plane_03.mat
  artifactKey: Guid(a34e2e9511ab63041850d60a4868cfcf) Importer(2089858483,0ecaa5967403d082aa24f35e1b516d23)
Start importing Assets/PolygonStarter/Materials/Plane/PolygonStarter_Mat_Plane_03.mat using Guid(a34e2e9511ab63041850d60a4868cfcf) Importer(2089858483,0ecaa5967403d082aa24f35e1b516d23) Generated GUIDs only implemented for interfaces!
 -> (artifact id: '77c1900b44ff69ad013f136323fce925') in 0.861171 seconds 
========================================================================
Received Import Request.
  Time since last request: 0.000019 seconds.
  path: Assets/PolygonStarter/Models/Collision/SM_Primitive_Cylander_02.fbx
  artifactKey: Guid(d4310e8ff3695464cad536592578913c) Importer(2089858483,0ecaa5967403d082aa24f35e1b516d23)
Start importing Assets/PolygonStarter/Models/Collision/SM_Primitive_Cylander_02.fbx using Guid(d4310e8ff3695464cad536592578913c) Importer(2089858483,0ecaa5967403d082aa24f35e1b516d23) Generated GUIDs only implemented for interfaces!
 -> (artifact id: 'a22e6da1bdccedaa400ac9c8ebc2bb18') in 0.095119 seconds 
========================================================================
Received Import Request.
  Time since last request: 0.000018 seconds.
  path: Assets/SimpleSky/_Textures/Materials/SimpleSky.mat
  artifactKey: Guid(4473fa6eaddf55343904cae427b8e6ce) Importer(2089858483,0ecaa5967403d082aa24f35e1b516d23)
Start importing Assets/SimpleSky/_Textures/Materials/SimpleSky.mat using Guid(4473fa6eaddf55343904cae427b8e6ce) Importer(2089858483,0ecaa5967403d082aa24f35e1b516d23) Generated GUIDs only implemented for interfaces!
 -> (artifact id: 'c473401356b3164ce52bbce051896787') in 0.007852 seconds 
========================================================================
Received Import Request.
  Time since last request: 0.000013 seconds.
  path: Assets/CubePeopleDemo/Materials/Ch/Head/Ch_0CPF00_Head00W.mat
  artifactKey: Guid(776f43430946013489da49ed7836f63c) Importer(2089858483,0ecaa5967403d082aa24f35e1b516d23)
Start importing Assets/CubePeopleDemo/Materials/Ch/Head/Ch_0CPF00_Head00W.mat using Guid(776f43430946013489da49ed7836f63c) Importer(2089858483,0ecaa5967403d082aa24f35e1b516d23) Generated GUIDs only implemented for interfaces!
 -> (artifact id: '5f0b87996bbb30ab4ccb144c4408947e') in 0.065483 seconds 
========================================================================
Received Import Request.
  Time since last request: 0.000013 seconds.
  path: Assets/CubePeopleDemo/Materials/Ch/Head/Ch_0CPF00_Head00R.mat
  artifactKey: Guid(60215d06ca01a11499907f7f4efb4bed) Importer(2089858483,0ecaa5967403d082aa24f35e1b516d23)
Start importing Assets/CubePeopleDemo/Materials/Ch/Head/Ch_0CPF00_Head00R.mat using Guid(60215d06ca01a11499907f7f4efb4bed) Importer(2089858483,0ecaa5967403d082aa24f35e1b516d23) Generated GUIDs only implemented for interfaces!
 -> (artifact id: '9117e275a2df3154919c2f555f6eed16') in 0.057133 seconds 
========================================================================
Received Import Request.
  Time since last request: 0.000013 seconds.
  path: Assets/CubePeopleDemo/Materials/Ch/Head/Ch_0CPF00_Head00B.mat
  artifactKey: Guid(30b2e8e15f491d847ad6ce9c7e2d8e68) Importer(2089858483,0ecaa5967403d082aa24f35e1b516d23)
Start importing Assets/CubePeopleDemo/Materials/Ch/Head/Ch_0CPF00_Head00B.mat using Guid(30b2e8e15f491d847ad6ce9c7e2d8e68) Importer(2089858483,0ecaa5967403d082aa24f35e1b516d23) Generated GUIDs only implemented for interfaces!
 -> (artifact id: '1809e5fbc5e3acdc50cd124a7b768cdb') in 0.119936 seconds 
========================================================================
Received Import Request.
  Time since last request: 0.000016 seconds.
  path: Assets/CubePeopleDemo/Textures/Ch/Head/Ch_0CPF00_Head02.png
  artifactKey: Guid(05a42cf16e667754d908a88bd0f18838) Importer(2089858483,0ecaa5967403d082aa24f35e1b516d23)
Start importing Assets/CubePeopleDemo/Textures/Ch/Head/Ch_0CPF00_Head02.png using Guid(05a42cf16e667754d908a88bd0f18838) Importer(2089858483,0ecaa5967403d082aa24f35e1b516d23) Generated GUIDs only implemented for interfaces!
 -> (artifact id: '7449897e747848f5ea8670c0a57f3527') in 0.014117 seconds 
========================================================================
Received Import Request.
  Time since last request: 0.000030 seconds.
  path: Assets/PolygonStarter/Models/Collision/SM_Buildings_Stairs_1x3_01.fbx
  artifactKey: Guid(7ce50dc06d7bb62448b532080fd35371) Importer(2089858483,0ecaa5967403d082aa24f35e1b516d23)
Start importing Assets/PolygonStarter/Models/Collision/SM_Buildings_Stairs_1x3_01.fbx using Guid(7ce50dc06d7bb62448b532080fd35371) Importer(2089858483,0ecaa5967403d082aa24f35e1b516d23) Generated GUIDs only implemented for interfaces!
 -> (artifact id: 'c5123c1461c9c1ef912af8491fd0d9d8') in 0.077996 seconds 
========================================================================
Received Import Request.
  Time since last request: 0.000015 seconds.
  path: Assets/PolygonStarter/Prefabs/Characters/SM_Bean_Female_01.prefab
  artifactKey: Guid(bc89cff11dc72544faaaa69b501fd596) Importer(2089858483,0ecaa5967403d082aa24f35e1b516d23)
Start importing Assets/PolygonStarter/Prefabs/Characters/SM_Bean_Female_01.prefab using Guid(bc89cff11dc72544faaaa69b501fd596) Importer(2089858483,0ecaa5967403d082aa24f35e1b516d23) Generated GUIDs only implemented for interfaces!
 -> (artifact id: 'cd6a9a1a74fe021e9289d9dbe267527f') in 0.082030 seconds 
========================================================================
Received Import Request.
  Time since last request: 0.000016 seconds.
  path: Assets/PolygonStarter/Models/Collision/SM_Buildings_Column_2x3_01.fbx
  artifactKey: Guid(b45e496b386039141af15f243dd3ac22) Importer(2089858483,0ecaa5967403d082aa24f35e1b516d23)
Start importing Assets/PolygonStarter/Models/Collision/SM_Buildings_Column_2x3_01.fbx using Guid(b45e496b386039141af15f243dd3ac22) Importer(2089858483,0ecaa5967403d082aa24f35e1b516d23) Generated GUIDs only implemented for interfaces!
 -> (artifact id: 'eaece1f61923cebec1bf0f5764c6e664') in 0.052642 seconds 
========================================================================
Received Import Request.
  Time since last request: 0.000016 seconds.
  path: Assets/CubePeopleDemo/Textures/Ch/Head/Ch_0CPM00_Head06.png
  artifactKey: Guid(8e94bc58e3039594391da226f6a8e9b9) Importer(2089858483,0ecaa5967403d082aa24f35e1b516d23)
Start importing Assets/CubePeopleDemo/Textures/Ch/Head/Ch_0CPM00_Head06.png using Guid(8e94bc58e3039594391da226f6a8e9b9) Importer(2089858483,0ecaa5967403d082aa24f35e1b516d23) Generated GUIDs only implemented for interfaces!
 -> (artifact id: 'ab49ef9399cdd0c0a3cc3bae5e36130f') in 0.012836 seconds 
========================================================================
Received Import Request.
  Time since last request: 0.000021 seconds.
  path: Assets/PolygonStarter/Models/Collision/SM_Primitive_Sphere_02.fbx
  artifactKey: Guid(e8ba51a934eb276468729107e5d3143f) Importer(2089858483,0ecaa5967403d082aa24f35e1b516d23)
Start importing Assets/PolygonStarter/Models/Collision/SM_Primitive_Sphere_02.fbx using Guid(e8ba51a934eb276468729107e5d3143f) Importer(2089858483,0ecaa5967403d082aa24f35e1b516d23) Generated GUIDs only implemented for interfaces!
 -> (artifact id: '1d169b1428ea59dc7047c95e97eaba55') in 0.118416 seconds 
========================================================================
Received Import Request.
  Time since last request: 0.000016 seconds.
  path: Assets/CubePeopleDemo/Textures/Ch/Head/Ch_0CPF00_Head06.png
  artifactKey: Guid(f7a821667f17cc94c83af98b5d812f59) Importer(2089858483,0ecaa5967403d082aa24f35e1b516d23)
Start importing Assets/CubePeopleDemo/Textures/Ch/Head/Ch_0CPF00_Head06.png using Guid(f7a821667f17cc94c83af98b5d812f59) Importer(2089858483,0ecaa5967403d082aa24f35e1b516d23) Generated GUIDs only implemented for interfaces!
 -> (artifact id: 'f2891aeb8c159d5ad096b60b4c280524') in 0.013839 seconds 
========================================================================
Received Import Request.
  Time since last request: 0.000014 seconds.
  path: Assets/CubePeopleDemo/Textures/Ch/Head/Ch_0CPM00_Head02.png
  artifactKey: Guid(404d3a645acdba548a63eedfbebf0042) Importer(2089858483,0ecaa5967403d082aa24f35e1b516d23)
Start importing Assets/CubePeopleDemo/Textures/Ch/Head/Ch_0CPM00_Head02.png using Guid(404d3a645acdba548a63eedfbebf0042) Importer(2089858483,0ecaa5967403d082aa24f35e1b516d23) Generated GUIDs only implemented for interfaces!
 -> (artifact id: '302df9c141d6ea49bd2f19652835a0d8') in 0.013647 seconds 
========================================================================
Received Import Request.
  Time since last request: 0.000018 seconds.
  path: Assets/CubePeopleDemo/Textures/Ch/Head/Ch_0CPM00_Head04.png
  artifactKey: Guid(ebaffeffd2135ca4eb55f0f02d1471d6) Importer(2089858483,0ecaa5967403d082aa24f35e1b516d23)
Start importing Assets/CubePeopleDemo/Textures/Ch/Head/Ch_0CPM00_Head04.png using Guid(ebaffeffd2135ca4eb55f0f02d1471d6) Importer(2089858483,0ecaa5967403d082aa24f35e1b516d23) Generated GUIDs only implemented for interfaces!
 -> (artifact id: '3ec92e5bf66e04936862d0991586317f') in 0.012893 seconds 
========================================================================
Received Import Request.
  Time since last request: 0.000014 seconds.
  path: Assets/PolygonStarter/Prefabs/Characters/SM_Character_Male_01.prefab
  artifactKey: Guid(f11fc98cf1e8d5547a9b2ec85cc9c664) Importer(2089858483,0ecaa5967403d082aa24f35e1b516d23)
Start importing Assets/PolygonStarter/Prefabs/Characters/SM_Character_Male_01.prefab using Guid(f11fc98cf1e8d5547a9b2ec85cc9c664) Importer(2089858483,0ecaa5967403d082aa24f35e1b516d23) Generated GUIDs only implemented for interfaces!
 -> (artifact id: '3065e0eaccf02b7e36f2fcf8b4becff4') in 0.046702 seconds 
========================================================================
Received Prepare
Refreshing native plugins compatible for Editor in 4.29 ms, found 3 plugins.
Preloading 0 native plugins for Editor in 0.00 ms.
Unloading 20 Unused Serialized files (Serialized files now loaded: 0)
Unloading 21 unused Assets / (98.4 KB). Loaded Objects now: 3845.
Memory consumption went from 54.9 MB to 54.8 MB.
Total: 4.237300 ms (FindLiveObjects: 0.300700 ms CreateObjectMapping: 0.215200 ms MarkObjects: 3.642900 ms  DeleteObjects: 0.077400 ms)

AssetImportParameters requested are different than current active one (requested -> active):
  custom:video-decoder-ogg-theora: a1e56fd34408186e4bbccfd4996cb3dc -> 
  custom:container-muxer-webm: aa71ff27fc2769a1b78a27578f13a17b -> 
  custom:container-demuxer-webm: 4f35f7cbe854078d1ac9338744f61a02 -> 
  custom:video-encoder-webm-vp8: eb34c28f22e8b96e1ab97ce403110664 -> 
  custom:audio-encoder-webm-vorbis: bf7c407c2cedff20999df2af8eb42d56 -> 
  custom:framework-win-MediaFoundation: 216162199b28c13a410421893ffa2e32 -> 
  custom:SearchIndexIgnoredProperties: e643bd26f0fe6173181afceb89e7c659 -> 
  custom:container-demuxer-ogg: 62fdf1f143b41e24485cea50d1cbac27 -> 
  custom:video-decoder-webm-vp8: 9c59270c3fd7afecdb556c50c9e8de78 -> 
  custom:audio-decoder-ogg-vorbis: bf7c407c2cedff20999df2af8eb42d56 -> 
Editor requested this worker to shutdown with reason: Scaling down because of idle timeout
AssetImportWorker is now disconnected from the server
Process exiting
Exiting without the bug reporter. Application will terminate with return code 0