Using pre-set license
Built from '2021.3/staging' branch; Version is '2021.3.9f1 (ad3870b89536) revision 11352176'; Using compiler version '192829333'; Build Type 'Release'
OS: 'Windows 10  (10.0.19044) 64bit Core' Language: 'es' Physical Memory: 16318 MB
BatchMode: 1, IsHumanControllingUs: 0, StartBugReporterOnCrash: 0, Is64bit: 1, IsPro: 1

COMMAND LINE ARGUMENTS:
C:\Program Files\Unity\Hub\Editor\2021.3.9f1\Editor\Unity.exe
-adb2
-batchMode
-noUpm
-name
AssetImportWorker2
-projectPath
D:/DAM2/MP09/Actividad 2 Unity/Actividad-2-Unity-GN/Actividad 2
-logFile
Logs/AssetImportWorker2.log
-srvPort
53859
Successfully changed project path to: D:/DAM2/MP09/Actividad 2 Unity/Actividad-2-Unity-GN/Actividad 2
D:/DAM2/MP09/Actividad 2 Unity/Actividad-2-Unity-GN/Actividad 2
[UnityMemory] Configuration Parameters - Can be set up in boot.config
    "memorysetup-bucket-allocator-granularity=16"
    "memorysetup-bucket-allocator-bucket-count=8"
    "memorysetup-bucket-allocator-block-size=33554432"
    "memorysetup-bucket-allocator-block-count=8"
    "memorysetup-main-allocator-block-size=16777216"
    "memorysetup-thread-allocator-block-size=16777216"
    "memorysetup-gfx-main-allocator-block-size=16777216"
    "memorysetup-gfx-thread-allocator-block-size=16777216"
    "memorysetup-cache-allocator-block-size=4194304"
    "memorysetup-typetree-allocator-block-size=2097152"
    "memorysetup-profiler-bucket-allocator-granularity=16"
    "memorysetup-profiler-bucket-allocator-bucket-count=8"
    "memorysetup-profiler-bucket-allocator-block-size=33554432"
    "memorysetup-profiler-bucket-allocator-block-count=8"
    "memorysetup-profiler-allocator-block-size=16777216"
    "memorysetup-profiler-editor-allocator-block-size=1048576"
    "memorysetup-temp-allocator-size-main=16777216"
    "memorysetup-job-temp-allocator-block-size=2097152"
    "memorysetup-job-temp-allocator-block-size-background=1048576"
    "memorysetup-job-temp-allocator-reduction-small-platforms=262144"
    "memorysetup-temp-allocator-size-background-worker=32768"
    "memorysetup-temp-allocator-size-job-worker=262144"
    "memorysetup-temp-allocator-size-preload-manager=33554432"
    "memorysetup-temp-allocator-size-nav-mesh-worker=65536"
    "memorysetup-temp-allocator-size-audio-worker=65536"
    "memorysetup-temp-allocator-size-cloud-worker=32768"
    "memorysetup-temp-allocator-size-gi-baking-worker=262144"
    "memorysetup-temp-allocator-size-gfx=262144"
Refreshing native plugins compatible for Editor in 70.22 ms, found 3 plugins.
Preloading 0 native plugins for Editor in 0.00 ms.
Initialize engine version: 2021.3.9f1 (ad3870b89536)
[Subsystems] Discovering subsystems at path C:/Program Files/Unity/Hub/Editor/2021.3.9f1/Editor/Data/Resources/UnitySubsystems
[Subsystems] Discovering subsystems at path D:/DAM2/MP09/Actividad 2 Unity/Actividad-2-Unity-GN/Actividad 2/Assets
GfxDevice: creating device client; threaded=0; jobified=0
Direct3D:
    Version:  Direct3D 11.0 [level 11.1]
    Renderer: NVIDIA GeForce RTX 2060 (ID=0x1f08)
    Vendor:   NVIDIA
    VRAM:     5980 MB
    Driver:   31.0.15.1748
Initialize mono
Mono path[0] = 'C:/Program Files/Unity/Hub/Editor/2021.3.9f1/Editor/Data/Managed'
Mono path[1] = 'C:/Program Files/Unity/Hub/Editor/2021.3.9f1/Editor/Data/MonoBleedingEdge/lib/mono/unityjit-win32'
Mono config path = 'C:/Program Files/Unity/Hub/Editor/2021.3.9f1/Editor/Data/MonoBleedingEdge/etc'
Using monoOptions --debugger-agent=transport=dt_socket,embedding=1,server=y,suspend=n,address=127.0.0.1:56048
Begin MonoManager ReloadAssembly
Registering precompiled unity dll's ...
Register platform support module: C:/Program Files/Unity/Hub/Editor/2021.3.9f1/Editor/Data/PlaybackEngines/WebGLSupport/UnityEditor.WebGL.Extensions.dll
Register platform support module: C:/Program Files/Unity/Hub/Editor/2021.3.9f1/Editor/Data/PlaybackEngines/WindowsStandaloneSupport/UnityEditor.WindowsStandalone.Extensions.dll
Registered in 0.006776 seconds.
Native extension for WindowsStandalone target not found
Native extension for WebGL target not found
Refreshing native plugins compatible for Editor in 70.48 ms, found 3 plugins.
Preloading 0 native plugins for Editor in 0.00 ms.
Mono: successfully reloaded assembly
- Completed reload, in  0.565 seconds
Domain Reload Profiling:
	ReloadAssembly (565ms)
		BeginReloadAssembly (59ms)
			ExecutionOrderSort (0ms)
			DisableScriptedObjects (0ms)
			BackupInstance (0ms)
			ReleaseScriptingObjects (0ms)
			CreateAndSetChildDomain (1ms)
		EndReloadAssembly (408ms)
			LoadAssemblies (57ms)
			RebuildTransferFunctionScriptingTraits (0ms)
			SetupTypeCache (103ms)
			ReleaseScriptCaches (0ms)
			RebuildScriptCaches (23ms)
			SetupLoadedEditorAssemblies (239ms)
				LogAssemblyErrors (0ms)
				InitializePlatformSupportModulesInManaged (8ms)
				SetLoadedEditorAssemblies (0ms)
				RefreshPlugins (71ms)
				BeforeProcessingInitializeOnLoad (1ms)
				ProcessInitializeOnLoadAttributes (122ms)
				ProcessInitializeOnLoadMethodAttributes (37ms)
				AfterProcessingInitializeOnLoad (0ms)
				EditorAssembliesLoaded (0ms)
			ExecutionOrderSort2 (0ms)
			AwakeInstancesAfterBackupRestoration (0ms)
Platform modules already initialized, skipping
Registering precompiled user dll's ...
Registered in 0.004066 seconds.
Begin MonoManager ReloadAssembly
Symbol file LoadedFromMemory doesn't match image D:\DAM2\MP09\Actividad 2 Unity\Actividad-2-Unity-GN\Actividad 2\Library\PackageCache\com.unity.visualscripting@1.7.8\Editor\VisualScripting.Core\Dependencies\YamlDotNet\Unity.VisualScripting.YamlDotNet.dll
Symbol file LoadedFromMemory doesn't match image D:\DAM2\MP09\Actividad 2 Unity\Actividad-2-Unity-GN\Actividad 2\Library\PackageCache\com.unity.visualscripting@1.7.8\Editor\VisualScripting.Core\Dependencies\DotNetZip\Unity.VisualScripting.IonicZip.dll
Native extension for WindowsStandalone target not found
Native extension for WebGL target not found
Refreshing native plugins compatible for Editor in 0.49 ms, found 3 plugins.
Preloading 0 native plugins for Editor in 0.00 ms.
Mono: successfully reloaded assembly
- Completed reload, in  0.916 seconds
Domain Reload Profiling:
	ReloadAssembly (917ms)
		BeginReloadAssembly (92ms)
			ExecutionOrderSort (0ms)
			DisableScriptedObjects (5ms)
			BackupInstance (0ms)
			ReleaseScriptingObjects (0ms)
			CreateAndSetChildDomain (15ms)
		EndReloadAssembly (714ms)
			LoadAssemblies (64ms)
			RebuildTransferFunctionScriptingTraits (0ms)
			SetupTypeCache (238ms)
			ReleaseScriptCaches (0ms)
			RebuildScriptCaches (42ms)
			SetupLoadedEditorAssemblies (335ms)
				LogAssemblyErrors (0ms)
				InitializePlatformSupportModulesInManaged (6ms)
				SetLoadedEditorAssemblies (0ms)
				RefreshPlugins (1ms)
				BeforeProcessingInitializeOnLoad (76ms)
				ProcessInitializeOnLoadAttributes (211ms)
				ProcessInitializeOnLoadMethodAttributes (31ms)
				AfterProcessingInitializeOnLoad (10ms)
				EditorAssembliesLoaded (0ms)
			ExecutionOrderSort2 (0ms)
			AwakeInstancesAfterBackupRestoration (5ms)
Platform modules already initialized, skipping
========================================================================
Worker process is ready to serve import requests
Launched and connected shader compiler UnityShaderCompiler.exe after 0.03 seconds
Refreshing native plugins compatible for Editor in 0.51 ms, found 3 plugins.
Preloading 0 native plugins for Editor in 0.00 ms.
Unloading 3380 Unused Serialized files (Serialized files now loaded: 0)
Unloading 27 unused Assets / (111.3 KB). Loaded Objects now: 3837.
Memory consumption went from 118.5 MB to 118.4 MB.
Total: 2.898000 ms (FindLiveObjects: 0.224300 ms CreateObjectMapping: 0.146300 ms MarkObjects: 2.454100 ms  DeleteObjects: 0.072800 ms)

AssetImportParameters requested are different than current active one (requested -> active):
  custom:video-decoder-ogg-theora: a1e56fd34408186e4bbccfd4996cb3dc -> 
  custom:container-muxer-webm: aa71ff27fc2769a1b78a27578f13a17b -> 
  custom:container-demuxer-webm: 4f35f7cbe854078d1ac9338744f61a02 -> 
  custom:video-encoder-webm-vp8: eb34c28f22e8b96e1ab97ce403110664 -> 
  custom:audio-encoder-webm-vorbis: bf7c407c2cedff20999df2af8eb42d56 -> 
  custom:framework-win-MediaFoundation: 216162199b28c13a410421893ffa2e32 -> 
  custom:container-demuxer-ogg: 62fdf1f143b41e24485cea50d1cbac27 -> 
  custom:video-decoder-webm-vp8: 9c59270c3fd7afecdb556c50c9e8de78 -> 
  custom:audio-decoder-ogg-vorbis: bf7c407c2cedff20999df2af8eb42d56 -> 
========================================================================
Received Import Request.
  Time since last request: 7459.307617 seconds.
  path: Assets/CubexCube - Free City Pack I/Models/Props_Road/Env_Road_Barrier.fbx
  artifactKey: Guid(8b5b8b4cdc7d00448b0d907b81f49cc3) Importer(815301076,1909f56bfc062723c751e8b465ee728b)
Start importing Assets/CubexCube - Free City Pack I/Models/Props_Road/Env_Road_Barrier.fbx using Guid(8b5b8b4cdc7d00448b0d907b81f49cc3) Importer(815301076,1909f56bfc062723c751e8b465ee728b)  -> (artifact id: 'eff68091696923c6f2a842bb85227d02') in 0.125455 seconds 
========================================================================
Received Import Request.
  Time since last request: 4.374030 seconds.
  path: Assets/CubexCube - Free City Pack I/Models/Cars/Car_Hatch.fbx
  artifactKey: Guid(40ee9fa378804b34194c9f58f0c5931c) Importer(815301076,1909f56bfc062723c751e8b465ee728b)
Start importing Assets/CubexCube - Free City Pack I/Models/Cars/Car_Hatch.fbx using Guid(40ee9fa378804b34194c9f58f0c5931c) Importer(815301076,1909f56bfc062723c751e8b465ee728b)  -> (artifact id: '4bb41fd4cb2b276ca8e13adad26dfe4e') in 0.039877 seconds 
========================================================================
Received Import Request.
  Time since last request: 326.235996 seconds.
  path: Assets/Tiny_Toony_City_Demo/Materials
  artifactKey: Guid(dd2fbb1a397482846a8f61682d5e6097) Importer(815301076,1909f56bfc062723c751e8b465ee728b)
Start importing Assets/Tiny_Toony_City_Demo/Materials using Guid(dd2fbb1a397482846a8f61682d5e6097) Importer(815301076,1909f56bfc062723c751e8b465ee728b)  -> (artifact id: '83ee7664a34d806b53477e432941872c') in 0.004237 seconds 
========================================================================
Received Import Request.
  Time since last request: 0.074633 seconds.
  path: Assets/Tiny_Toony_City_Demo/Materials/M_Cars.mat
  artifactKey: Guid(4f28036b2fdd7824f904e56de7c6c1e6) Importer(815301076,1909f56bfc062723c751e8b465ee728b)
Start importing Assets/Tiny_Toony_City_Demo/Materials/M_Cars.mat using Guid(4f28036b2fdd7824f904e56de7c6c1e6) Importer(815301076,1909f56bfc062723c751e8b465ee728b)  -> (artifact id: '52a5e3b6aa0fa3be142fbe210e899e83') in 0.027995 seconds 
========================================================================
Received Import Request.
  Time since last request: 4.260236 seconds.
  path: Assets/Tiny_Toony_City_Demo/Prefabs
  artifactKey: Guid(c59cb1d5a288e104aa8324fef03a63e3) Importer(815301076,1909f56bfc062723c751e8b465ee728b)
Start importing Assets/Tiny_Toony_City_Demo/Prefabs using Guid(c59cb1d5a288e104aa8324fef03a63e3) Importer(815301076,1909f56bfc062723c751e8b465ee728b)  -> (artifact id: 'b08e56a4630b758d0860cafddc4ef108') in 0.003939 seconds 
========================================================================
Received Import Request.
  Time since last request: 0.089620 seconds.
  path: Assets/Tiny_Toony_City_Demo/Prefabs/Car_B1.prefab
  artifactKey: Guid(21784e75583bd7847b965f9b16505160) Importer(815301076,1909f56bfc062723c751e8b465ee728b)
Start importing Assets/Tiny_Toony_City_Demo/Prefabs/Car_B1.prefab using Guid(21784e75583bd7847b965f9b16505160) Importer(815301076,1909f56bfc062723c751e8b465ee728b)  -> (artifact id: '00e50bb5e7b22165397ff3850d93249c') in 0.010976 seconds 
========================================================================
Received Import Request.
  Time since last request: 0.000016 seconds.
  path: Assets/Tiny_Toony_City_Demo/Prefabs/Demo_Block.prefab
  artifactKey: Guid(797a2dbaceea962469b9774c7ed4d4af) Importer(815301076,1909f56bfc062723c751e8b465ee728b)
Start importing Assets/Tiny_Toony_City_Demo/Prefabs/Demo_Block.prefab using Guid(797a2dbaceea962469b9774c7ed4d4af) Importer(815301076,1909f56bfc062723c751e8b465ee728b)  -> (artifact id: '49d58e22edef9d201be16134bbb7a986') in 0.015134 seconds 
========================================================================
Received Import Request.
  Time since last request: 2.636196 seconds.
  path: Assets/Tiny_Toony_City_Demo/Scenes
  artifactKey: Guid(0c68cf5d30aead6459becca5b3602a67) Importer(815301076,1909f56bfc062723c751e8b465ee728b)
Start importing Assets/Tiny_Toony_City_Demo/Scenes using Guid(0c68cf5d30aead6459becca5b3602a67) Importer(815301076,1909f56bfc062723c751e8b465ee728b)  -> (artifact id: '6c6c9a7848a0b274abedf54ebc4d264f') in 0.004167 seconds 
========================================================================
Received Import Request.
  Time since last request: 2.172377 seconds.
  path: Assets/Tiny_Toony_City_Demo/PolygonBlacksmith
  artifactKey: Guid(09b5e4f4daedca14f877c6185cdc54ee) Importer(815301076,1909f56bfc062723c751e8b465ee728b)
Start importing Assets/Tiny_Toony_City_Demo/PolygonBlacksmith using Guid(09b5e4f4daedca14f877c6185cdc54ee) Importer(815301076,1909f56bfc062723c751e8b465ee728b)  -> (artifact id: 'fb90cc8fb79771a7162ae7a840aa74e1') in 0.004076 seconds 
========================================================================
Received Import Request.
  Time since last request: 0.586824 seconds.
  path: Assets/Tiny_Toony_City_Demo/PolygonBlacksmith/TT_Citizens_demo
  artifactKey: Guid(0e2f43d9df0f0294eaafc49be4ebda3a) Importer(815301076,1909f56bfc062723c751e8b465ee728b)
Start importing Assets/Tiny_Toony_City_Demo/PolygonBlacksmith/TT_Citizens_demo using Guid(0e2f43d9df0f0294eaafc49be4ebda3a) Importer(815301076,1909f56bfc062723c751e8b465ee728b)  -> (artifact id: '2283bee88fc888c3ea0bafa370764b0e') in 0.003952 seconds 
========================================================================
Received Import Request.
  Time since last request: 1.075865 seconds.
  path: Assets/Tiny_Toony_City_Demo/PolygonBlacksmith/TT_Citizens_demo/animation
  artifactKey: Guid(39cc99f2e4d4f4f4c9f93871300befa3) Importer(815301076,1909f56bfc062723c751e8b465ee728b)
Start importing Assets/Tiny_Toony_City_Demo/PolygonBlacksmith/TT_Citizens_demo/animation using Guid(39cc99f2e4d4f4f4c9f93871300befa3) Importer(815301076,1909f56bfc062723c751e8b465ee728b)  -> (artifact id: 'd7faee6dc7996ab52d8d1eb1558480de') in 0.004070 seconds 
========================================================================
Received Import Request.
  Time since last request: 1.532671 seconds.
  path: Assets/Tiny_Toony_City_Demo/PolygonBlacksmith/TT_Citizens_demo/animation/male
  artifactKey: Guid(e69e002cb3bf420448b1dae4f4071704) Importer(815301076,1909f56bfc062723c751e8b465ee728b)
Start importing Assets/Tiny_Toony_City_Demo/PolygonBlacksmith/TT_Citizens_demo/animation/male using Guid(e69e002cb3bf420448b1dae4f4071704) Importer(815301076,1909f56bfc062723c751e8b465ee728b)  -> (artifact id: '69698106c347cf3a68bc031c978486c4') in 0.004016 seconds 
========================================================================
Received Import Request.
  Time since last request: 0.948260 seconds.
  path: Assets/Tiny_Toony_City_Demo/PolygonBlacksmith/TT_Citizens_demo/animation/male/m_death_A.FBX
  artifactKey: Guid(f384b5cff18b36645b0a1dc7494599c6) Importer(815301076,1909f56bfc062723c751e8b465ee728b)
Start importing Assets/Tiny_Toony_City_Demo/PolygonBlacksmith/TT_Citizens_demo/animation/male/m_death_A.FBX using Guid(f384b5cff18b36645b0a1dc7494599c6) Importer(815301076,1909f56bfc062723c751e8b465ee728b)  -> (artifact id: '54e8c82278302470991d8db0459f1ccd') in 0.012698 seconds 
========================================================================
Received Import Request.
  Time since last request: 0.000025 seconds.
  path: Assets/Tiny_Toony_City_Demo/PolygonBlacksmith/TT_Citizens_demo/animation/male/m_pistol_shoot.FBX
  artifactKey: Guid(7467d51eb2f287b4bb7feb4d0ce23dd6) Importer(815301076,1909f56bfc062723c751e8b465ee728b)
Start importing Assets/Tiny_Toony_City_Demo/PolygonBlacksmith/TT_Citizens_demo/animation/male/m_pistol_shoot.FBX using Guid(7467d51eb2f287b4bb7feb4d0ce23dd6) Importer(815301076,1909f56bfc062723c751e8b465ee728b)  -> (artifact id: '8b6acf51a6ca8559aea983aef3bf23ca') in 0.009337 seconds 
========================================================================
Received Import Request.
  Time since last request: 0.000017 seconds.
  path: Assets/Tiny_Toony_City_Demo/PolygonBlacksmith/TT_Citizens_demo/animation/male/m_walk.FBX
  artifactKey: Guid(8e37fd6a8af9f1e438b8ba382b4465a7) Importer(815301076,1909f56bfc062723c751e8b465ee728b)
Start importing Assets/Tiny_Toony_City_Demo/PolygonBlacksmith/TT_Citizens_demo/animation/male/m_walk.FBX using Guid(8e37fd6a8af9f1e438b8ba382b4465a7) Importer(815301076,1909f56bfc062723c751e8b465ee728b)  -> (artifact id: '3d0c7711fd67ad046e8b1647d1d9bd00') in 0.009980 seconds 
========================================================================
Received Import Request.
  Time since last request: 0.000019 seconds.
  path: Assets/Tiny_Toony_City_Demo/PolygonBlacksmith/TT_Citizens_demo/animation/male/m_pistol_run_rm.FBX
  artifactKey: Guid(45e8688a8402daf4f857274e24e20e22) Importer(815301076,1909f56bfc062723c751e8b465ee728b)
Start importing Assets/Tiny_Toony_City_Demo/PolygonBlacksmith/TT_Citizens_demo/animation/male/m_pistol_run_rm.FBX using Guid(45e8688a8402daf4f857274e24e20e22) Importer(815301076,1909f56bfc062723c751e8b465ee728b)  -> (artifact id: '4388f3c694240af9c14c0f3b367c0570') in 0.007875 seconds 
========================================================================
Received Import Request.
  Time since last request: 0.000016 seconds.
  path: Assets/Tiny_Toony_City_Demo/PolygonBlacksmith/TT_Citizens_demo/animation/male/m_melee_combat_run.FBX
  artifactKey: Guid(80a5118b2108acc4ea8b64002dd1a071) Importer(815301076,1909f56bfc062723c751e8b465ee728b)
Start importing Assets/Tiny_Toony_City_Demo/PolygonBlacksmith/TT_Citizens_demo/animation/male/m_melee_combat_run.FBX using Guid(80a5118b2108acc4ea8b64002dd1a071) Importer(815301076,1909f56bfc062723c751e8b465ee728b)  -> (artifact id: '1dc21747b3e159c879f36c0173b880a9') in 0.008087 seconds 
========================================================================
Received Import Request.
  Time since last request: 0.000014 seconds.
  path: Assets/Tiny_Toony_City_Demo/PolygonBlacksmith/TT_Citizens_demo/animation/male/m_melee_combat_idle.FBX
  artifactKey: Guid(ead17015aa9f2ca4fa673f5dbd3c833e) Importer(815301076,1909f56bfc062723c751e8b465ee728b)
Start importing Assets/Tiny_Toony_City_Demo/PolygonBlacksmith/TT_Citizens_demo/animation/male/m_melee_combat_idle.FBX using Guid(ead17015aa9f2ca4fa673f5dbd3c833e) Importer(815301076,1909f56bfc062723c751e8b465ee728b)  -> (artifact id: '1b737c70796334901738d977632314c8') in 0.007799 seconds 
========================================================================
Received Import Request.
  Time since last request: 0.000021 seconds.
  path: Assets/Tiny_Toony_City_Demo/PolygonBlacksmith/TT_Citizens_demo/animation/male/m_walk_rm.FBX
  artifactKey: Guid(c9071e84a5c6ca64c8eb8b4bcdb63dfc) Importer(815301076,1909f56bfc062723c751e8b465ee728b)
Start importing Assets/Tiny_Toony_City_Demo/PolygonBlacksmith/TT_Citizens_demo/animation/male/m_walk_rm.FBX using Guid(c9071e84a5c6ca64c8eb8b4bcdb63dfc) Importer(815301076,1909f56bfc062723c751e8b465ee728b)  -> (artifact id: '077265b72435ce329de9659172c889c4') in 0.010204 seconds 
========================================================================
Received Import Request.
  Time since last request: 2.605502 seconds.
  path: Assets/Tiny_Toony_City_Demo/Textures
  artifactKey: Guid(20ee5192a341e814193dfb259e026b07) Importer(815301076,1909f56bfc062723c751e8b465ee728b)
Start importing Assets/Tiny_Toony_City_Demo/Textures using Guid(20ee5192a341e814193dfb259e026b07) Importer(815301076,1909f56bfc062723c751e8b465ee728b)  -> (artifact id: 'f5cc3eae73586dd13c7e7f7a3bb9ccfe') in 0.004457 seconds 
========================================================================
Received Import Request.
  Time since last request: 0.117795 seconds.
  path: Assets/Tiny_Toony_City_Demo/Textures/T_City_Demo.tga
  artifactKey: Guid(192885429fbe4974fbbafa38563e959d) Importer(815301076,1909f56bfc062723c751e8b465ee728b)
Start importing Assets/Tiny_Toony_City_Demo/Textures/T_City_Demo.tga using Guid(192885429fbe4974fbbafa38563e959d) Importer(815301076,1909f56bfc062723c751e8b465ee728b)  -> (artifact id: '0962d0c8ecc6b532efc2005a20e64dc0') in 0.014608 seconds 
========================================================================
Received Import Request.
  Time since last request: 7.453665 seconds.
  path: Assets/Tiny_Toony_City_Demo/PolygonBlacksmith/TT_Citizens_demo/models/TT_demo_male_A.FBX
  artifactKey: Guid(16044bf911e3e664d81c3be8863c77e8) Importer(815301076,1909f56bfc062723c751e8b465ee728b)
Start importing Assets/Tiny_Toony_City_Demo/PolygonBlacksmith/TT_Citizens_demo/models/TT_demo_male_A.FBX using Guid(16044bf911e3e664d81c3be8863c77e8) Importer(815301076,1909f56bfc062723c751e8b465ee728b)  -> (artifact id: '279f896e710f35cf5c461fb4e7c3f73d') in 0.144303 seconds 
========================================================================
Received Import Request.
  Time since last request: 2.908057 seconds.
  path: Assets/Tiny_Toony_City_Demo/PolygonBlacksmith/TT_Citizens_demo/prefabs/TT_demo_male_A.prefab
  artifactKey: Guid(ddc9c5832645fb04f82054c5f3f7db8e) Importer(815301076,1909f56bfc062723c751e8b465ee728b)
Start importing Assets/Tiny_Toony_City_Demo/PolygonBlacksmith/TT_Citizens_demo/prefabs/TT_demo_male_A.prefab using Guid(ddc9c5832645fb04f82054c5f3f7db8e) Importer(815301076,1909f56bfc062723c751e8b465ee728b)  -> (artifact id: 'f515f50a01537d15201cccf6f71bc295') in 0.010972 seconds 
Editor requested this worker to shutdown with reason: Scaling down because of idle timeout
AssetImportWorker is now disconnected from the server
Process exiting
Exiting without the bug reporter. Application will terminate with return code 0