Using pre-set license
Built from '2021.3/staging' branch; Version is '2021.3.5f1 (40eb3a945986) revision 4254522'; Using compiler version '192829333'; Build Type 'Release'
OS: 'Windows 10  (10.0.19044) 64bit Core' Language: 'es' Physical Memory: 16318 MB
BatchMode: 1, IsHumanControllingUs: 0, StartBugReporterOnCrash: 0, Is64bit: 1, IsPro: 1

COMMAND LINE ARGUMENTS:
C:\Program Files\Unity\Hub\Editor\2021.3.5f1\Editor\Unity.exe
-adb2
-batchMode
-noUpm
-name
AssetImportWorker2
-projectPath
D:/DAM2/MP09/Actividad 2 Unity/Actividad-2-Unity-GN/Actividad 2
-logFile
Logs/AssetImportWorker2.log
-srvPort
50658
Successfully changed project path to: D:/DAM2/MP09/Actividad 2 Unity/Actividad-2-Unity-GN/Actividad 2
D:/DAM2/MP09/Actividad 2 Unity/Actividad-2-Unity-GN/Actividad 2
[UnityMemory] Configuration Parameters - Can be set up in boot.config
    "memorysetup-bucket-allocator-granularity=16"
    "memorysetup-bucket-allocator-bucket-count=8"
    "memorysetup-bucket-allocator-block-size=33554432"
    "memorysetup-bucket-allocator-block-count=8"
    "memorysetup-main-allocator-block-size=16777216"
    "memorysetup-thread-allocator-block-size=16777216"
    "memorysetup-gfx-main-allocator-block-size=16777216"
    "memorysetup-gfx-thread-allocator-block-size=16777216"
    "memorysetup-cache-allocator-block-size=4194304"
    "memorysetup-typetree-allocator-block-size=2097152"
    "memorysetup-profiler-bucket-allocator-granularity=16"
    "memorysetup-profiler-bucket-allocator-bucket-count=8"
    "memorysetup-profiler-bucket-allocator-block-size=33554432"
    "memorysetup-profiler-bucket-allocator-block-count=8"
    "memorysetup-profiler-allocator-block-size=16777216"
    "memorysetup-profiler-editor-allocator-block-size=1048576"
    "memorysetup-temp-allocator-size-main=16777216"
    "memorysetup-job-temp-allocator-block-size=2097152"
    "memorysetup-job-temp-allocator-block-size-background=1048576"
    "memorysetup-job-temp-allocator-reduction-small-platforms=262144"
    "memorysetup-temp-allocator-size-background-worker=32768"
    "memorysetup-temp-allocator-size-job-worker=262144"
    "memorysetup-temp-allocator-size-preload-manager=33554432"
    "memorysetup-temp-allocator-size-nav-mesh-worker=65536"
    "memorysetup-temp-allocator-size-audio-worker=65536"
    "memorysetup-temp-allocator-size-cloud-worker=32768"
    "memorysetup-temp-allocator-size-gi-baking-worker=262144"
    "memorysetup-temp-allocator-size-gfx=262144"
Refreshing native plugins compatible for Editor in 78.39 ms, found 3 plugins.
Preloading 0 native plugins for Editor in 0.00 ms.
Initialize engine version: 2021.3.5f1 (40eb3a945986)
[Subsystems] Discovering subsystems at path C:/Program Files/Unity/Hub/Editor/2021.3.5f1/Editor/Data/Resources/UnitySubsystems
[Subsystems] Discovering subsystems at path D:/DAM2/MP09/Actividad 2 Unity/Actividad-2-Unity-GN/Actividad 2/Assets
GfxDevice: creating device client; threaded=0; jobified=0
Direct3D:
    Version:  Direct3D 11.0 [level 11.1]
    Renderer: NVIDIA GeForce RTX 2060 (ID=0x1f08)
    Vendor:   NVIDIA
    VRAM:     5980 MB
    Driver:   31.0.15.1748
Initialize mono
Mono path[0] = 'C:/Program Files/Unity/Hub/Editor/2021.3.5f1/Editor/Data/Managed'
Mono path[1] = 'C:/Program Files/Unity/Hub/Editor/2021.3.5f1/Editor/Data/MonoBleedingEdge/lib/mono/unityjit-win32'
Mono config path = 'C:/Program Files/Unity/Hub/Editor/2021.3.5f1/Editor/Data/MonoBleedingEdge/etc'
Using monoOptions --debugger-agent=transport=dt_socket,embedding=1,server=y,suspend=n,address=127.0.0.1:56972
Begin MonoManager ReloadAssembly
Registering precompiled unity dll's ...
Register platform support module: C:/Program Files/Unity/Hub/Editor/2021.3.5f1/Editor/Data/PlaybackEngines/WindowsStandaloneSupport/UnityEditor.WindowsStandalone.Extensions.dll
Registered in 0.008085 seconds.
Native extension for WindowsStandalone target not found
Refreshing native plugins compatible for Editor in 74.91 ms, found 3 plugins.
Preloading 0 native plugins for Editor in 0.00 ms.
Mono: successfully reloaded assembly
- Completed reload, in  0.569 seconds
Domain Reload Profiling:
	ReloadAssembly (570ms)
		BeginReloadAssembly (61ms)
			ExecutionOrderSort (0ms)
			DisableScriptedObjects (0ms)
			BackupInstance (0ms)
			ReleaseScriptingObjects (0ms)
			CreateAndSetChildDomain (1ms)
		EndReloadAssembly (411ms)
			LoadAssemblies (59ms)
			RebuildTransferFunctionScriptingTraits (0ms)
			SetupTypeCache (89ms)
			ReleaseScriptCaches (0ms)
			RebuildScriptCaches (35ms)
			SetupLoadedEditorAssemblies (240ms)
				LogAssemblyErrors (0ms)
				InitializePlatformSupportModulesInManaged (6ms)
				SetLoadedEditorAssemblies (0ms)
				RefreshPlugins (75ms)
				BeforeProcessingInitializeOnLoad (1ms)
				ProcessInitializeOnLoadAttributes (118ms)
				ProcessInitializeOnLoadMethodAttributes (39ms)
				AfterProcessingInitializeOnLoad (0ms)
				EditorAssembliesLoaded (0ms)
			ExecutionOrderSort2 (0ms)
			AwakeInstancesAfterBackupRestoration (0ms)
Platform modules already initialized, skipping
Registering precompiled user dll's ...
Registered in 0.006280 seconds.
Begin MonoManager ReloadAssembly
Symbol file LoadedFromMemory doesn't match image D:\DAM2\MP09\Actividad 2 Unity\Actividad-2-Unity-GN\Actividad 2\Library\PackageCache\com.unity.visualscripting@1.7.8\Editor\VisualScripting.Core\Dependencies\YamlDotNet\Unity.VisualScripting.YamlDotNet.dll
Symbol file LoadedFromMemory doesn't match image D:\DAM2\MP09\Actividad 2 Unity\Actividad-2-Unity-GN\Actividad 2\Library\PackageCache\com.unity.visualscripting@1.7.8\Editor\VisualScripting.Core\Dependencies\DotNetZip\Unity.VisualScripting.IonicZip.dll
Native extension for WindowsStandalone target not found
Refreshing native plugins compatible for Editor in 0.56 ms, found 3 plugins.
Preloading 0 native plugins for Editor in 0.00 ms.
Mono: successfully reloaded assembly
- Completed reload, in  0.985 seconds
Domain Reload Profiling:
	ReloadAssembly (986ms)
		BeginReloadAssembly (116ms)
			ExecutionOrderSort (0ms)
			DisableScriptedObjects (5ms)
			BackupInstance (0ms)
			ReleaseScriptingObjects (0ms)
			CreateAndSetChildDomain (15ms)
		EndReloadAssembly (763ms)
			LoadAssemblies (65ms)
			RebuildTransferFunctionScriptingTraits (0ms)
			SetupTypeCache (231ms)
			ReleaseScriptCaches (1ms)
			RebuildScriptCaches (66ms)
			SetupLoadedEditorAssemblies (336ms)
				LogAssemblyErrors (0ms)
				InitializePlatformSupportModulesInManaged (6ms)
				SetLoadedEditorAssemblies (0ms)
				RefreshPlugins (1ms)
				BeforeProcessingInitializeOnLoad (80ms)
				ProcessInitializeOnLoadAttributes (217ms)
				ProcessInitializeOnLoadMethodAttributes (24ms)
				AfterProcessingInitializeOnLoad (7ms)
				EditorAssembliesLoaded (0ms)
			ExecutionOrderSort2 (0ms)
			AwakeInstancesAfterBackupRestoration (5ms)
Platform modules already initialized, skipping
========================================================================
Worker process is ready to serve import requests
Launched and connected shader compiler UnityShaderCompiler.exe after 0.04 seconds
Refreshing native plugins compatible for Editor in 0.53 ms, found 3 plugins.
Preloading 0 native plugins for Editor in 0.00 ms.
Unloading 3378 Unused Serialized files (Serialized files now loaded: 0)
Unloading 27 unused Assets / (110.9 KB). Loaded Objects now: 3834.
Memory consumption went from 118.5 MB to 118.4 MB.
Total: 2.664600 ms (FindLiveObjects: 0.235100 ms CreateObjectMapping: 0.198100 ms MarkObjects: 2.158600 ms  DeleteObjects: 0.071900 ms)

AssetImportParameters requested are different than current active one (requested -> active):
  custom:video-decoder-ogg-theora: a1e56fd34408186e4bbccfd4996cb3dc -> 
  custom:container-muxer-webm: aa71ff27fc2769a1b78a27578f13a17b -> 
  custom:container-demuxer-webm: 4f35f7cbe854078d1ac9338744f61a02 -> 
  custom:video-encoder-webm-vp8: eb34c28f22e8b96e1ab97ce403110664 -> 
  custom:audio-encoder-webm-vorbis: bf7c407c2cedff20999df2af8eb42d56 -> 
  custom:framework-win-MediaFoundation: 216162199b28c13a410421893ffa2e32 -> 
  custom:container-demuxer-ogg: 62fdf1f143b41e24485cea50d1cbac27 -> 
  custom:video-decoder-webm-vp8: 9c59270c3fd7afecdb556c50c9e8de78 -> 
  custom:audio-decoder-ogg-vorbis: bf7c407c2cedff20999df2af8eb42d56 -> 
========================================================================
Received Import Request.
  Time since last request: 176591.174697 seconds.
  path: Assets/LowPolyFarmLite/Prefabs/New SceneTemplate.scenetemplate
  artifactKey: Guid(d20efb263544819479c3ee54a364589b) Importer(815301076,1909f56bfc062723c751e8b465ee728b)
Start importing Assets/LowPolyFarmLite/Prefabs/New SceneTemplate.scenetemplate using Guid(d20efb263544819479c3ee54a364589b) Importer(815301076,1909f56bfc062723c751e8b465ee728b)  -> (artifact id: '94585d57b3018c71def616c82cf3ba83') in 0.054954 seconds 
========================================================================
Received Import Request.
  Time since last request: 130.341717 seconds.
  path: Assets/PolygonStarter/Materials/PolygonStarter_Mat_01.mat
  artifactKey: Guid(dd41db2cdb4e66e4985303e1287ab101) Importer(815301076,1909f56bfc062723c751e8b465ee728b)
Start importing Assets/PolygonStarter/Materials/PolygonStarter_Mat_01.mat using Guid(dd41db2cdb4e66e4985303e1287ab101) Importer(815301076,1909f56bfc062723c751e8b465ee728b)  -> (artifact id: '184459621c66a6976ebe301f45f762f8') in 0.054386 seconds 
========================================================================
Received Import Request.
  Time since last request: 0.000017 seconds.
  path: Assets/PolygonStarter/Materials/PolygonStarter_Mat_03.mat
  artifactKey: Guid(c6a5181c39f2ce4408030b9c2d1b47e2) Importer(815301076,1909f56bfc062723c751e8b465ee728b)
Start importing Assets/PolygonStarter/Materials/PolygonStarter_Mat_03.mat using Guid(c6a5181c39f2ce4408030b9c2d1b47e2) Importer(815301076,1909f56bfc062723c751e8b465ee728b)  -> (artifact id: 'aa0ead966c6ef6cb7831992dc190a6c7') in 0.010852 seconds 
========================================================================
Received Import Request.
  Time since last request: 0.000021 seconds.
  path: Assets/PolygonStarter/Materials/PolygonStarter_Mat_04.mat
  artifactKey: Guid(382781f3eb846ba4992cfb4e635c76ed) Importer(815301076,1909f56bfc062723c751e8b465ee728b)
Start importing Assets/PolygonStarter/Materials/PolygonStarter_Mat_04.mat using Guid(382781f3eb846ba4992cfb4e635c76ed) Importer(815301076,1909f56bfc062723c751e8b465ee728b)  -> (artifact id: 'fdae8b2fe4351b7991455b638444e14a') in 0.010781 seconds 
========================================================================
Received Import Request.
  Time since last request: 1.726443 seconds.
  path: Assets/PolygonStarter/Materials/Plane
  artifactKey: Guid(4b72f0e5578cbba42990b0e9557ba55f) Importer(815301076,1909f56bfc062723c751e8b465ee728b)
Start importing Assets/PolygonStarter/Materials/Plane using Guid(4b72f0e5578cbba42990b0e9557ba55f) Importer(815301076,1909f56bfc062723c751e8b465ee728b)  -> (artifact id: '51f76e8595780645b223aea6e8d46a49') in 0.004229 seconds 
========================================================================
Received Import Request.
  Time since last request: 0.117242 seconds.
  path: Assets/PolygonStarter/Materials/Plane/PolygonStarter_Mat_Plane_01.mat
  artifactKey: Guid(940d4c7d3d8f0ff4aab297e184fe9ffd) Importer(815301076,1909f56bfc062723c751e8b465ee728b)
Start importing Assets/PolygonStarter/Materials/Plane/PolygonStarter_Mat_Plane_01.mat using Guid(940d4c7d3d8f0ff4aab297e184fe9ffd) Importer(815301076,1909f56bfc062723c751e8b465ee728b)  -> (artifact id: '37343d6d71a41c7355f8c6f5dbe36c0d') in 0.015020 seconds 
========================================================================
Received Import Request.
  Time since last request: 0.000017 seconds.
  path: Assets/PolygonStarter/Materials/Plane/PolygonStarter_Mat_Plane_03.mat
  artifactKey: Guid(a34e2e9511ab63041850d60a4868cfcf) Importer(815301076,1909f56bfc062723c751e8b465ee728b)
Start importing Assets/PolygonStarter/Materials/Plane/PolygonStarter_Mat_Plane_03.mat using Guid(a34e2e9511ab63041850d60a4868cfcf) Importer(815301076,1909f56bfc062723c751e8b465ee728b)  -> (artifact id: '9d52b15173dfc86b0b07750eb209f770') in 0.012590 seconds 
========================================================================
Received Import Request.
  Time since last request: 4.194106 seconds.
  path: Assets/PolygonStarter/Prefabs/SM_Bld_Door_01.prefab
  artifactKey: Guid(6d34f074083a0dc4d9798f703bad35de) Importer(815301076,1909f56bfc062723c751e8b465ee728b)
Start importing Assets/PolygonStarter/Prefabs/SM_Bld_Door_01.prefab using Guid(6d34f074083a0dc4d9798f703bad35de) Importer(815301076,1909f56bfc062723c751e8b465ee728b)  -> (artifact id: '0538aff58fbd78fdaf6cefc8361e1aa3') in 0.024996 seconds 
========================================================================
Received Import Request.
  Time since last request: 0.000022 seconds.
  path: Assets/PolygonStarter/Prefabs/SM_Generic_Mountains_Grass_02.prefab
  artifactKey: Guid(d2201b576d0da384fb8f681e57559ea8) Importer(815301076,1909f56bfc062723c751e8b465ee728b)
Start importing Assets/PolygonStarter/Prefabs/SM_Generic_Mountains_Grass_02.prefab using Guid(d2201b576d0da384fb8f681e57559ea8) Importer(815301076,1909f56bfc062723c751e8b465ee728b)  -> (artifact id: '8beb3342517ee3860c7ff488980ff250') in 0.013045 seconds 
========================================================================
Received Import Request.
  Time since last request: 0.000021 seconds.
  path: Assets/PolygonStarter/Prefabs/SM_Prop_Plane_Ring_01.prefab
  artifactKey: Guid(bc59902fe8272d54da1ae082ff755757) Importer(815301076,1909f56bfc062723c751e8b465ee728b)
Start importing Assets/PolygonStarter/Prefabs/SM_Prop_Plane_Ring_01.prefab using Guid(bc59902fe8272d54da1ae082ff755757) Importer(815301076,1909f56bfc062723c751e8b465ee728b)  -> (artifact id: 'dda259a27b0579345cc3231dfbd9a17b') in 0.010093 seconds 
========================================================================
Received Import Request.
  Time since last request: 0.000016 seconds.
  path: Assets/PolygonStarter/Prefabs/SM_PolygonPrototype_Primitive_Cylander_01P.prefab
  artifactKey: Guid(4ec4cfadebd96154690192fbd49e28b8) Importer(815301076,1909f56bfc062723c751e8b465ee728b)
Start importing Assets/PolygonStarter/Prefabs/SM_PolygonPrototype_Primitive_Cylander_01P.prefab using Guid(4ec4cfadebd96154690192fbd49e28b8) Importer(815301076,1909f56bfc062723c751e8b465ee728b)  -> (artifact id: '86e4b34ca41131c288990f311f3cafaa') in 0.009429 seconds 
========================================================================
Received Import Request.
  Time since last request: 0.000017 seconds.
  path: Assets/PolygonStarter/Prefabs/SM_PolygonPrototype_Prop_Cone_01.prefab
  artifactKey: Guid(37e681eb08549004c9d9c2be529cbf54) Importer(815301076,1909f56bfc062723c751e8b465ee728b)
Start importing Assets/PolygonStarter/Prefabs/SM_PolygonPrototype_Prop_Cone_01.prefab using Guid(37e681eb08549004c9d9c2be529cbf54) Importer(815301076,1909f56bfc062723c751e8b465ee728b)  -> (artifact id: '1f55218656ba73d55a2855d17cbc11e6') in 0.009224 seconds 
========================================================================
Received Import Request.
  Time since last request: 0.000015 seconds.
  path: Assets/PolygonStarter/Prefabs/SM_PolygonPrototype_Buildings_Ramp_25_1x1_01P.prefab
  artifactKey: Guid(35b4129ac994d4e49a7699deb68ac65b) Importer(815301076,1909f56bfc062723c751e8b465ee728b)
Start importing Assets/PolygonStarter/Prefabs/SM_PolygonPrototype_Buildings_Ramp_25_1x1_01P.prefab using Guid(35b4129ac994d4e49a7699deb68ac65b) Importer(815301076,1909f56bfc062723c751e8b465ee728b)  -> (artifact id: '77d9882dedeb2a1a0675a63b3ce3ee24') in 0.009449 seconds 
========================================================================
Received Import Request.
  Time since last request: 0.000022 seconds.
  path: Assets/PolygonStarter/Prefabs/SM_Generic_TreeStump_01.prefab
  artifactKey: Guid(e865a10713e46984aba70d89a679e42f) Importer(815301076,1909f56bfc062723c751e8b465ee728b)
Start importing Assets/PolygonStarter/Prefabs/SM_Generic_TreeStump_01.prefab using Guid(e865a10713e46984aba70d89a679e42f) Importer(815301076,1909f56bfc062723c751e8b465ee728b)  -> (artifact id: '05b97301b17482330019e30c3bd8d7d6') in 0.011281 seconds 
========================================================================
Received Import Request.
  Time since last request: 0.000016 seconds.
  path: Assets/PolygonStarter/Prefabs/SM_PolygonPrototype_Buildings_Stairs_1x3_01P.prefab
  artifactKey: Guid(d3f65bf385a3c3847ab550b32f3e53e8) Importer(815301076,1909f56bfc062723c751e8b465ee728b)
Start importing Assets/PolygonStarter/Prefabs/SM_PolygonPrototype_Buildings_Stairs_1x3_01P.prefab using Guid(d3f65bf385a3c3847ab550b32f3e53e8) Importer(815301076,1909f56bfc062723c751e8b465ee728b)  -> (artifact id: '7985ee90e00e4bf134e6c79be8285164') in 0.009760 seconds 
========================================================================
Received Import Request.
  Time since last request: 0.000023 seconds.
  path: Assets/PolygonStarter/Prefabs/SM_PolygonPrototype_Buildings_Block_1x1_01P.prefab
  artifactKey: Guid(bbc12ae2f967ec04e8c3c39eeb92733b) Importer(815301076,1909f56bfc062723c751e8b465ee728b)
Start importing Assets/PolygonStarter/Prefabs/SM_PolygonPrototype_Buildings_Block_1x1_01P.prefab using Guid(bbc12ae2f967ec04e8c3c39eeb92733b) Importer(815301076,1909f56bfc062723c751e8b465ee728b)  -> (artifact id: '29b0f01db434c9fbfe259e94ba685575') in 0.009069 seconds 
========================================================================
Received Import Request.
  Time since last request: 0.000028 seconds.
  path: Assets/PolygonStarter/Prefabs/SM_Wep_Watergun_01.prefab
  artifactKey: Guid(f528363d2aaa5d748ab9fcd16b601236) Importer(815301076,1909f56bfc062723c751e8b465ee728b)
Start importing Assets/PolygonStarter/Prefabs/SM_Wep_Watergun_01.prefab using Guid(f528363d2aaa5d748ab9fcd16b601236) Importer(815301076,1909f56bfc062723c751e8b465ee728b)  -> (artifact id: '570392e340fb5fc82afe2e7537d8df46') in 0.011301 seconds 
========================================================================
Received Import Request.
  Time since last request: 0.000021 seconds.
  path: Assets/PolygonStarter/Prefabs/SM_PolygonPrototype_Buildings_Floor_1x1_01P.prefab
  artifactKey: Guid(af1ac26269830d347859c2c45ef72494) Importer(815301076,1909f56bfc062723c751e8b465ee728b)
Start importing Assets/PolygonStarter/Prefabs/SM_PolygonPrototype_Buildings_Floor_1x1_01P.prefab using Guid(af1ac26269830d347859c2c45ef72494) Importer(815301076,1909f56bfc062723c751e8b465ee728b)  -> (artifact id: 'abec34929f48969ae00526f441152e76') in 0.009307 seconds 
========================================================================
Received Import Request.
  Time since last request: 0.000021 seconds.
  path: Assets/PolygonStarter/Prefabs/SM_Generic_Tree_02.prefab
  artifactKey: Guid(1ce022d65e1e7b84d9e5ae4a479c39ba) Importer(815301076,1909f56bfc062723c751e8b465ee728b)
Start importing Assets/PolygonStarter/Prefabs/SM_Generic_Tree_02.prefab using Guid(1ce022d65e1e7b84d9e5ae4a479c39ba) Importer(815301076,1909f56bfc062723c751e8b465ee728b)  -> (artifact id: 'bdaebccd6b969be1ad91fd2c3d205640') in 0.009685 seconds 
========================================================================
Received Import Request.
  Time since last request: 0.000018 seconds.
  path: Assets/PolygonStarter/Prefabs/SM_Generic_Ground_01.prefab
  artifactKey: Guid(fb0131aa61eef7c4d95b2efaf17614ec) Importer(815301076,1909f56bfc062723c751e8b465ee728b)
Start importing Assets/PolygonStarter/Prefabs/SM_Generic_Ground_01.prefab using Guid(fb0131aa61eef7c4d95b2efaf17614ec) Importer(815301076,1909f56bfc062723c751e8b465ee728b)  -> (artifact id: '9afea2e145ec4e71ae93a242bea90855') in 0.011247 seconds 
========================================================================
Received Import Request.
  Time since last request: 0.000015 seconds.
  path: Assets/PolygonStarter/Prefabs/SM_Generic_Ground_Flat_01.prefab
  artifactKey: Guid(e484c7ad7b1274b4c847940d3eb54d14) Importer(815301076,1909f56bfc062723c751e8b465ee728b)
Start importing Assets/PolygonStarter/Prefabs/SM_Generic_Ground_Flat_01.prefab using Guid(e484c7ad7b1274b4c847940d3eb54d14) Importer(815301076,1909f56bfc062723c751e8b465ee728b)  -> (artifact id: '90c206d289f60224029d9b3f3197a723') in 0.012069 seconds 
========================================================================
Received Import Request.
  Time since last request: 0.000018 seconds.
  path: Assets/PolygonStarter/Prefabs/SM_PolygonCity_Veh_Car_Small_01.prefab
  artifactKey: Guid(d6e2601c4f144db459adb4f5e7affc65) Importer(815301076,1909f56bfc062723c751e8b465ee728b)
Start importing Assets/PolygonStarter/Prefabs/SM_PolygonCity_Veh_Car_Small_01.prefab using Guid(d6e2601c4f144db459adb4f5e7affc65) Importer(815301076,1909f56bfc062723c751e8b465ee728b)  -> (artifact id: '3227c6f796180f4ccf8199458190b5e1') in 0.015631 seconds 
========================================================================
Received Import Request.
  Time since last request: 0.000016 seconds.
  path: Assets/PolygonStarter/Prefabs/SM_PolygonPrototype_Buildings_DoorFrame_01P.prefab
  artifactKey: Guid(4a0ab548b1b39cf4b8b48726d5f4fbfe) Importer(815301076,1909f56bfc062723c751e8b465ee728b)
Start importing Assets/PolygonStarter/Prefabs/SM_PolygonPrototype_Buildings_DoorFrame_01P.prefab using Guid(4a0ab548b1b39cf4b8b48726d5f4fbfe) Importer(815301076,1909f56bfc062723c751e8b465ee728b)  -> (artifact id: '6ec2b18ed704d26c1e0a736fa3f04cae') in 0.010127 seconds 
========================================================================
Received Import Request.
  Time since last request: 0.000015 seconds.
  path: Assets/PolygonStarter/Prefabs/SM_Generic_Ground_04.prefab
  artifactKey: Guid(6cf950e757e075945b307868fc3bd60e) Importer(815301076,1909f56bfc062723c751e8b465ee728b)
Start importing Assets/PolygonStarter/Prefabs/SM_Generic_Ground_04.prefab using Guid(6cf950e757e075945b307868fc3bd60e) Importer(815301076,1909f56bfc062723c751e8b465ee728b)  -> (artifact id: 'b5bdeef043aa54a3cbfbb57bb82dc74b') in 0.011417 seconds 
========================================================================
Received Import Request.
  Time since last request: 0.000015 seconds.
  path: Assets/PolygonStarter/Prefabs/SM_Generic_Small_Rocks_04.prefab
  artifactKey: Guid(097c26aede8f73e41a32d546bd00e97f) Importer(815301076,1909f56bfc062723c751e8b465ee728b)
Start importing Assets/PolygonStarter/Prefabs/SM_Generic_Small_Rocks_04.prefab using Guid(097c26aede8f73e41a32d546bd00e97f) Importer(815301076,1909f56bfc062723c751e8b465ee728b)  -> (artifact id: 'da1f86c8ab6f2c3d669ecaf4468297a5') in 0.010294 seconds 
========================================================================
Received Import Request.
  Time since last request: 0.000016 seconds.
  path: Assets/PolygonStarter/Prefabs/SM_PolygonPrototype_Prop_Ladder_1x2_01P.prefab
  artifactKey: Guid(807bf6650795ad04395313d04ebe88c5) Importer(815301076,1909f56bfc062723c751e8b465ee728b)
Start importing Assets/PolygonStarter/Prefabs/SM_PolygonPrototype_Prop_Ladder_1x2_01P.prefab using Guid(807bf6650795ad04395313d04ebe88c5) Importer(815301076,1909f56bfc062723c751e8b465ee728b)  -> (artifact id: '4436ccd5904f66edd45adb16a49b2cf7') in 0.011805 seconds 
========================================================================
Received Import Request.
  Time since last request: 0.000019 seconds.
  path: Assets/PolygonStarter/Prefabs/SM_PolygonPrototype_Prop_Sword_01.prefab
  artifactKey: Guid(1eb47ee7fb4e0224482d77ed61559671) Importer(815301076,1909f56bfc062723c751e8b465ee728b)
Start importing Assets/PolygonStarter/Prefabs/SM_PolygonPrototype_Prop_Sword_01.prefab using Guid(1eb47ee7fb4e0224482d77ed61559671) Importer(815301076,1909f56bfc062723c751e8b465ee728b)  -> (artifact id: '23c41db89e71eae66571d5c41d5d82f5') in 0.009392 seconds 
========================================================================
Received Import Request.
  Time since last request: 0.000018 seconds.
  path: Assets/PolygonStarter/Prefabs/SM_PolygonPrototype_Primitive_Tube_01P.prefab
  artifactKey: Guid(6fb840e833a0f2049b655aba4bf98513) Importer(815301076,1909f56bfc062723c751e8b465ee728b)
Start importing Assets/PolygonStarter/Prefabs/SM_PolygonPrototype_Primitive_Tube_01P.prefab using Guid(6fb840e833a0f2049b655aba4bf98513) Importer(815301076,1909f56bfc062723c751e8b465ee728b)  -> (artifact id: '6ab2d20cc712e50a06e5efde0a47dc2d') in 0.010041 seconds 
========================================================================
Received Import Request.
  Time since last request: 0.000017 seconds.
  path: Assets/PolygonStarter/Prefabs/SM_Generic_Small_Rocks_01.prefab
  artifactKey: Guid(39dfb394e864da84db3b1c7e8f517888) Importer(815301076,1909f56bfc062723c751e8b465ee728b)
Start importing Assets/PolygonStarter/Prefabs/SM_Generic_Small_Rocks_01.prefab using Guid(39dfb394e864da84db3b1c7e8f517888) Importer(815301076,1909f56bfc062723c751e8b465ee728b)  -> (artifact id: '2455adaec2e8cf3579fcf654d1af3fe6') in 0.011590 seconds 
========================================================================
Received Import Request.
  Time since last request: 0.000021 seconds.
  path: Assets/PolygonStarter/Prefabs/SM_Generic_Ground_02.prefab
  artifactKey: Guid(2bd56128040193346a96ac4ec4bfa455) Importer(815301076,1909f56bfc062723c751e8b465ee728b)
Start importing Assets/PolygonStarter/Prefabs/SM_Generic_Ground_02.prefab using Guid(2bd56128040193346a96ac4ec4bfa455) Importer(815301076,1909f56bfc062723c751e8b465ee728b)  -> (artifact id: '8f1d6558bcf65f39fbdb4effded66086') in 0.009681 seconds 
========================================================================
Received Import Request.
  Time since last request: 0.000032 seconds.
  path: Assets/PolygonStarter/Prefabs/SM_Generic_Tree_04.prefab
  artifactKey: Guid(777f53d3993533d4184fa410d0cdfae7) Importer(815301076,1909f56bfc062723c751e8b465ee728b)
Start importing Assets/PolygonStarter/Prefabs/SM_Generic_Tree_04.prefab using Guid(777f53d3993533d4184fa410d0cdfae7) Importer(815301076,1909f56bfc062723c751e8b465ee728b)  -> (artifact id: '624f98610275a2ed7ff31edbe505b528') in 0.009805 seconds 
========================================================================
Received Import Request.
  Time since last request: 0.000018 seconds.
  path: Assets/PolygonStarter/Prefabs/SM_Generic_Small_Rocks_03.prefab
  artifactKey: Guid(7f14e8833dc154b44b20de9e6f911ca0) Importer(815301076,1909f56bfc062723c751e8b465ee728b)
Start importing Assets/PolygonStarter/Prefabs/SM_Generic_Small_Rocks_03.prefab using Guid(7f14e8833dc154b44b20de9e6f911ca0) Importer(815301076,1909f56bfc062723c751e8b465ee728b)  -> (artifact id: 'd559b1b7d8b766d505c23e55f0bf4d5a') in 0.011949 seconds 
========================================================================
Received Import Request.
  Time since last request: 0.000017 seconds.
  path: Assets/PolygonStarter/Prefabs/SM_PolygonPrototype_Icon_Arrow_Small_01.prefab
  artifactKey: Guid(f0371e756e6017b4c84e42073506be40) Importer(815301076,1909f56bfc062723c751e8b465ee728b)
Start importing Assets/PolygonStarter/Prefabs/SM_PolygonPrototype_Icon_Arrow_Small_01.prefab using Guid(f0371e756e6017b4c84e42073506be40) Importer(815301076,1909f56bfc062723c751e8b465ee728b)  -> (artifact id: '867d6b1ac52992e2e0d3f8e6a31ea54d') in 0.010618 seconds 
========================================================================
Received Import Request.
  Time since last request: 0.000024 seconds.
  path: Assets/PolygonStarter/Prefabs/SM_PolygonPrototype_Buildings_Stairs_1x1_01P.prefab
  artifactKey: Guid(f675c07d915406144ae3100b985c0abc) Importer(815301076,1909f56bfc062723c751e8b465ee728b)
Start importing Assets/PolygonStarter/Prefabs/SM_PolygonPrototype_Buildings_Stairs_1x1_01P.prefab using Guid(f675c07d915406144ae3100b985c0abc) Importer(815301076,1909f56bfc062723c751e8b465ee728b)  -> (artifact id: 'a49aa4a446281ac17fe90b36ed6c8c5d') in 0.009868 seconds 
========================================================================
Received Import Request.
  Time since last request: 0.000016 seconds.
  path: Assets/PolygonStarter/Prefabs/SM_PolygonPrototype_Buildings_Floor_5x5_01P.prefab
  artifactKey: Guid(9672218ecb324c240ae58e7a390701f2) Importer(815301076,1909f56bfc062723c751e8b465ee728b)
Start importing Assets/PolygonStarter/Prefabs/SM_PolygonPrototype_Buildings_Floor_5x5_01P.prefab using Guid(9672218ecb324c240ae58e7a390701f2) Importer(815301076,1909f56bfc062723c751e8b465ee728b)  -> (artifact id: '5e492ca5b318cb93beaab0b2a986a6aa') in 0.012745 seconds 
========================================================================
Received Import Request.
  Time since last request: 0.000016 seconds.
  path: Assets/PolygonStarter/Prefabs/SM_Generic_Mountains_Soft_01.prefab
  artifactKey: Guid(a114301c17a8f9d4e87a828e20f894a2) Importer(815301076,1909f56bfc062723c751e8b465ee728b)
Start importing Assets/PolygonStarter/Prefabs/SM_Generic_Mountains_Soft_01.prefab using Guid(a114301c17a8f9d4e87a828e20f894a2) Importer(815301076,1909f56bfc062723c751e8b465ee728b)  -> (artifact id: '9efe8c84559553cb3b3ee64dc8c516df') in 0.011135 seconds 
Editor requested this worker to shutdown with reason: Scaling down because of idle timeout
AssetImportWorker is now disconnected from the server
Process exiting
Exiting without the bug reporter. Application will terminate with return code 0